#
# A fatal error has been detected by the Java Runtime Environment:
#
#  SIGSEGV (0xb) at pc=0x000000011a5a23fd, pid=34335, tid=1811
#
# JRE version: Java(TM) SE Runtime Environment (8.0_31-b13) (build 1.8.0_31-b13)
# Java VM: Java HotSpot(TM) 64-Bit Server VM (25.31-b07 mixed mode bsd-amd64 compressed oops)
# Problematic frame:
# C  [libglass.dylib+0x163fd]  GlassScreenDidChangeScreenParameters+0x9d
#
# Failed to write core dump. Core dumps have been disabled. To enable core dumping, try "ulimit -c unlimited" before starting Java again
#
# If you would like to submit a bug report, please visit:
#   http://bugreport.java.com/bugreport/crash.jsp
#

---------------  T H R E A D  ---------------

Current thread is native thread

siginfo: si_signo: 11 (SIGSEGV), si_code: 1 (SEGV_MAPERR), si_addr: 0x0000000000000000

Registers:
RAX=0x000000011a5d4e40, RBX=0x0000000000000000, RCX=0x88004116f17650c1, RDX=0x00007fd0f9e6a340
RSP=0x00007fff5f88c8b0, RBP=0x00007fff5f88c8c0, RSI=0x00007fd0f9e01120, RDI=0x0000000000000000
R8 =0x00007fff5f88c760, R9 =0x00007fff752c4300, R10=0x0000000000000000, R11=0x0000000000000246
R12=0x00007fd0f9e066d0, R13=0x00000000000f4268, R14=0x00007fd0f9d8ec10, R15=0x00007fff5f88ca00
RIP=0x000000011a5a23fd, EFLAGS=0x0000000000010202, ERR=0x0000000000000004
  TRAPNO=0x000000000000000e

Top of Stack: (sp=0x00007fff5f88c8b0)
0x00007fff5f88c8b0:   00007fff5f88ca90 00007fd0f9d8ec10
0x00007fff5f88c8c0:   00007fff5f88c8d0 00007fff876a3cbc
0x00007fff5f88c8d0:   00007fff5f88cc30 00007fff875951b4
0x00007fff5f88c8e0:   00007fd0fa98b600 0000000000001e00
0x00007fff5f88c8f0:   000000010038a000 00007fd0f9ffc080
0x00007fff5f88c900:   0000000000001003 0000000000000bb8
0x00007fff5f88c910:   0000000000000004 00007fd0f9d8ec10
0x00007fff5f88c920:   0000000000000000 00007fff5f88ca00
0x00007fff5f88c930:   0000000000000000 00007fd0f9d8ebd0
0x00007fff5f88c940:   00007fff5f88ca80 000000000000007d
0x00007fff5f88c950:   00000000000f4340 00007fd0f9f6f350
0x00007fff5f88c960:   00007fd0f9c43740 00007fd0f9e066d0
0x00007fff5f88c970:   0000000000000001 00000000000f4268
0x00007fff5f88c980:   00007fd0f9e066c0 00007fff85540acb
0x00007fff5f88c990:   0000000000000001 0000000000000001
0x00007fff5f88c9a0:   0000000000000030 0000000000000001
0x00007fff5f88c9b0:   00007fff5f88c9d0 00007fff85546231
0x00007fff5f88c9c0:   00007fff7554add0 0000000000000000
0x00007fff5f88c9d0:   00007fff5f88c9f0 000000000000000a
0x00007fff5f88c9e0:   0007050300000000 00007fd0f9e066f4
0x00007fff5f88c9f0:   0000000000000000 00007fff8758ac8f
0x00007fff5f88ca00:   00007fd0f9d8ec10 00007fff7554add0
0x00007fff5f88ca10:   00007fff5f88ca90 00007fff875937bf
0x00007fff5f88ca20:   000000010038a000 00007fd0f9ceb6d3
0x00007fff5f88ca30:   000000010038da00 0000000000000002
0x00007fff5f88ca40:   000000010038a000 00007fd0f9f77b32
0x00007fff5f88ca50:   0000000000000003 000000010038f800
0x00007fff5f88ca60:   00007fff5f88cb50 00007fff8553f2a2
0x00007fff5f88ca70:   00007fd0f9d5fd80 00007fff5f88cc38
0x00007fff5f88ca80:   0000000000000017 0000000000000000
0x00007fff5f88ca90:   00000000000f4268 00007fff8758af83
0x00007fff5f88caa0:   00007fff00000000 00007fd0f9e30e20 

Instructions: (pc=0x000000011a5a23fd)
0x000000011a5a23dd:   89 df 4c 89 f1 41 ff 90 68 04 00 00 48 8d 05 58
0x000000011a5a23ed:   29 03 00 48 8b 30 48 8d 05 46 2a 03 00 48 8b 10
0x000000011a5a23fd:   48 8b 0b 30 c0 48 89 df ff 91 68 04 00 00 48 8b
0x000000011a5a240d:   03 48 89 df ff 50 78 48 85 c0 74 36 49 89 c6 48 

Register to memory mapping:

RAX=0x000000011a5d4e40: jScreenNotifySettingsChanged+0 in /Library/Java/JavaVirtualMachines/jdk1.8.0_31.jdk/Contents/Home/jre/lib/libglass.dylib at 0x000000011a58c000
RBX=0x0000000000000000 is an unknown value
RCX=0x88004116f17650c1 is an unknown value
RDX=0x00007fd0f9e6a340 is an unknown value
RSP=0x00007fff5f88c8b0 is an unknown value
RBP=0x00007fff5f88c8c0 is an unknown value
RSI=0x00007fd0f9e01120 is a global jni handle
RDI=0x0000000000000000 is an unknown value
R8 =0x00007fff5f88c760 is an unknown value
R9 =0x00007fff752c4300: _thread+0 in /usr/lib/system/libsystem_pthread.dylib at 0x00007fff86507000
R10=0x0000000000000000 is an unknown value
R11=0x0000000000000246 is an unknown value
R12=0x00007fd0f9e066d0 is an unknown value
R13=0x00000000000f4268 is an unknown value
R14=0x00007fd0f9d8ec10 is an unknown value
R15=0x00007fff5f88ca00 is an unknown value


Stack: [0x00007fff5f090000,0x00007fff5f890000],  sp=0x00007fff5f88c8b0,  free space=8178k
Native frames: (J=compiled Java code, j=interpreted, Vv=VM code, C=native code)
C  [libglass.dylib+0x163fd]  GlassScreenDidChangeScreenParameters+0x9d
C  [CoreFoundation+0x11ecbc]  __CFNOTIFICATIONCENTER_IS_CALLING_OUT_TO_AN_OBSERVER__+0xc
C  [CoreFoundation+0x101b4]  _CFXNotificationPost+0xc44
C  [Foundation+0x2ea1]  -[NSNotificationCenter postNotificationName:object:userInfo:]+0x42
C  [AppKit+0x362dee]  -[NSApplication _reactToScreenInvalidationImmediately:]+0x17b
C  [AppKit+0x362c2d]  __44-[NSApplication _reactToScreenInvalidation:]_block_invoke+0x4b
C  [CoreFoundation+0x8054c]  __CFRUNLOOP_IS_CALLING_OUT_TO_A_BLOCK__+0xc
C  [CoreFoundation+0x72655]  __CFRunLoopDoBlocks+0x155
C  [CoreFoundation+0x72196]  __CFRunLoopRun+0x716
C  [CoreFoundation+0x71838]  CFRunLoopRunSpecific+0x128
C  [java+0x56cc]  CreateExecutionEnvironment+0x367
C  [java+0x165c]  JLI_Launch+0x7a0
C  [java+0x768a]  main+0x65
C  [java+0xeb4]  start+0x34


---------------  P R O C E S S  ---------------

VM state:not at safepoint (normal execution)

VM Mutex/Monitor currently owned by a thread: None

Heap:
 PSYoungGen      total 38400K, used 9112K [0x0000000795580000, 0x0000000798000000, 0x00000007c0000000)
  eden space 33280K, 12% used [0x0000000795580000,0x000000079596e1e8,0x0000000797600000)
  from space 5120K, 99% used [0x0000000797b00000,0x0000000797ff8020,0x0000000798000000)
  to   space 5120K, 0% used [0x0000000797600000,0x0000000797600000,0x0000000797b00000)
 ParOldGen       total 87552K, used 11034K [0x0000000740000000, 0x0000000745580000, 0x0000000795580000)
  object space 87552K, 12% used [0x0000000740000000,0x0000000740ac6aa8,0x0000000745580000)
 Metaspace       used 15397K, capacity 15904K, committed 16000K, reserved 1062912K
  class space    used 2010K, capacity 2116K, committed 2176K, reserved 1048576K

Card table byte_map: [0x00000001111c0000,0x00000001115c1000] byte_map_base: 0x000000010d7c0000

Marking Bits: (ParMarkBitMap*) 0x0000000100d0c410
 Begin Bits: [0x0000000111b75000, 0x0000000113b75000)
 End Bits:   [0x0000000113b75000, 0x0000000115b75000)

Polling page: 0x00000001014e9000

CodeCache: size=245760Kb used=8455Kb max_used=8467Kb free=237304Kb
 bounds [0x0000000101e00000, 0x0000000102650000, 0x0000000110e00000]
 total_blobs=3302 nmethods=2683 adapters=531
 compilation: enabled

Compilation events (10 events):
Event: 812.899 Thread 0x00007fd0fa034000 2702       1       java.lang.invoke.MemberName::getReferenceKind (12 bytes)
Event: 812.899 Thread 0x00007fd0fa034000 nmethod 2702 0x0000000102634110 code [0x0000000102634260, 0x0000000102634370]
Event: 812.899 Thread 0x00007fd0fa034000 2701       3       sun.invoke.util.BytecodeDescriptor::unparseMethod (68 bytes)
Event: 812.900 Thread 0x00007fd0fa034000 nmethod 2701 0x000000010263d350 code [0x000000010263d5a0, 0x000000010263e478]
Event: 812.902 Thread 0x00007fd0fa02e800 2703       4       jdk.internal.org.objectweb.asm.Type::getArgumentsAndReturnSizes (151 bytes)
Event: 812.902 Thread 0x00007fd0fa034000 2704       3       java.lang.invoke.MethodHandles::access$000 (4 bytes)
Event: 812.902 Thread 0x00007fd0fa034000 nmethod 2704 0x000000010263d050 code [0x000000010263d1a0, 0x000000010263d2d0]
Event: 812.903 Thread 0x00007fd0fb819000 2705       4       jdk.internal.org.objectweb.asm.ClassWriter::get (49 bytes)
Event: 812.905 Thread 0x00007fd0fb819000 nmethod 2705 0x0000000102649590 code [0x0000000102649700, 0x0000000102649848]
Event: 812.912 Thread 0x00007fd0fa02e800 nmethod 2703 0x0000000102647710 code [0x00000001026478a0, 0x0000000102647cb8]

GC Heap History (4 events):
Event: 2.940 GC heap before
{Heap before GC invocations=1 (full 0):
 PSYoungGen      total 38400K, used 33280K [0x0000000795580000, 0x0000000798000000, 0x00000007c0000000)
  eden space 33280K, 100% used [0x0000000795580000,0x0000000797600000,0x0000000797600000)
  from space 5120K, 0% used [0x0000000797b00000,0x0000000797b00000,0x0000000798000000)
  to   space 5120K, 0% used [0x0000000797600000,0x0000000797600000,0x0000000797b00000)
 ParOldGen       total 87552K, used 0K [0x0000000740000000, 0x0000000745580000, 0x0000000795580000)
  object space 87552K, 0% used [0x0000000740000000,0x0000000740000000,0x0000000745580000)
 Metaspace       used 13647K, capacity 14132K, committed 14336K, reserved 1060864K
  class space    used 1846K, capacity 1986K, committed 2048K, reserved 1048576K
Event: 2.948 GC heap after
Heap after GC invocations=1 (full 0):
 PSYoungGen      total 38400K, used 5104K [0x0000000795580000, 0x0000000798000000, 0x00000007c0000000)
  eden space 33280K, 0% used [0x0000000795580000,0x0000000795580000,0x0000000797600000)
  from space 5120K, 99% used [0x0000000797600000,0x0000000797afc030,0x0000000797b00000)
  to   space 5120K, 0% used [0x0000000797b00000,0x0000000797b00000,0x0000000798000000)
 ParOldGen       total 87552K, used 2472K [0x0000000740000000, 0x0000000745580000, 0x0000000795580000)
  object space 87552K, 2% used [0x0000000740000000,0x000000074026a030,0x0000000745580000)
 Metaspace       used 13647K, capacity 14132K, committed 14336K, reserved 1060864K
  class space    used 1846K, capacity 1986K, committed 2048K, reserved 1048576K
}
Event: 548.175 GC heap before
{Heap before GC invocations=2 (full 0):
 PSYoungGen      total 38400K, used 38384K [0x0000000795580000, 0x0000000798000000, 0x00000007c0000000)
  eden space 33280K, 100% used [0x0000000795580000,0x0000000797600000,0x0000000797600000)
  from space 5120K, 99% used [0x0000000797600000,0x0000000797afc030,0x0000000797b00000)
  to   space 5120K, 0% used [0x0000000797b00000,0x0000000797b00000,0x0000000798000000)
 ParOldGen       total 87552K, used 2472K [0x0000000740000000, 0x0000000745580000, 0x0000000795580000)
  object space 87552K, 2% used [0x0000000740000000,0x000000074026a030,0x0000000745580000)
 Metaspace       used 15373K, capacity 15868K, committed 16000K, reserved 1062912K
  class space    used 2004K, capacity 2108K, committed 2176K, reserved 1048576K
Event: 548.211 GC heap after
Heap after GC invocations=2 (full 0):
 PSYoungGen      total 38400K, used 5088K [0x0000000795580000, 0x0000000798000000, 0x00000007c0000000)
  eden space 33280K, 0% used [0x0000000795580000,0x0000000795580000,0x0000000797600000)
  from space 5120K, 99% used [0x0000000797b00000,0x0000000797ff8020,0x0000000798000000)
  to   space 5120K, 0% used [0x0000000797600000,0x0000000797600000,0x0000000797b00000)
 ParOldGen       total 87552K, used 11034K [0x0000000740000000, 0x0000000745580000, 0x0000000795580000)
  object space 87552K, 12% used [0x0000000740000000,0x0000000740ac6aa8,0x0000000745580000)
 Metaspace       used 15373K, capacity 15868K, committed 16000K, reserved 1062912K
  class space    used 2004K, capacity 2108K, committed 2176K, reserved 1048576K
}

Deoptimization events (10 events):
Event: 13.168 Thread 0x00007fd0fa10e800 Uncommon trap: reason=array_check action=maybe_recompile pc=0x0000000102271568 method=com.sun.javafx.css.SimpleSelector.applies(Ljavafx/css/Styleable;[Ljava/util/Set;I)Z @ 37
Event: 13.168 Thread 0x00007fd0fa10e800 Uncommon trap: reason=bimorphic action=maybe_recompile pc=0x000000010245bb00 method=javafx.scene.Node.impl_notifyLayoutBoundsChanged()V @ 28
Event: 13.170 Thread 0x00007fd0fa10e800 Uncommon trap: reason=bimorphic action=maybe_recompile pc=0x000000010245bb00 method=javafx.scene.Node.impl_notifyLayoutBoundsChanged()V @ 28
Event: 13.170 Thread 0x00007fd0fa10e800 Uncommon trap: reason=array_check action=maybe_recompile pc=0x0000000102271568 method=com.sun.javafx.css.SimpleSelector.applies(Ljavafx/css/Styleable;[Ljava/util/Set;I)Z @ 37
Event: 13.170 Thread 0x00007fd0fa10e800 Uncommon trap: reason=bimorphic action=maybe_recompile pc=0x000000010245bb00 method=javafx.scene.Node.impl_notifyLayoutBoundsChanged()V @ 28
Event: 13.221 Thread 0x00007fd0fa10e800 Uncommon trap: reason=bimorphic action=maybe_recompile pc=0x000000010245bb00 method=javafx.scene.Node.impl_notifyLayoutBoundsChanged()V @ 28
Event: 13.221 Thread 0x00007fd0fa10e800 Uncommon trap: reason=array_check action=maybe_recompile pc=0x0000000102271568 method=com.sun.javafx.css.SimpleSelector.applies(Ljavafx/css/Styleable;[Ljava/util/Set;I)Z @ 37
Event: 13.275 Thread 0x00007fd0fa10e800 Uncommon trap: reason=array_check action=maybe_recompile pc=0x0000000102271568 method=com.sun.javafx.css.SimpleSelector.applies(Ljavafx/css/Styleable;[Ljava/util/Set;I)Z @ 37
Event: 635.705 Thread 0x00007fd0fa10e800 Uncommon trap: reason=unreached action=reinterpret pc=0x000000010263851c method=java.util.HashMap.removeNode(ILjava/lang/Object;Ljava/lang/Object;ZZ)Ljava/util/HashMap$Node; @ 234
Event: 812.834 Thread 0x00007fd0fa10e800 Uncommon trap: reason=predicate action=maybe_recompile pc=0x000000010255c190 method=java.util.ArrayList.indexOf(Ljava/lang/Object;)I @ 44

Internal exceptions (10 events):
Event: 2.856 Thread 0x00007fd0fa10e800 Exception <a 'java/security/PrivilegedActionException'> (0x00000007972ec0e0) thrown at [/Users/java_re/workspace/8-2-build-macosx-x86_64/jdk8u31/2394/hotspot/src/share/vm/prims/jvm.cpp, line 1312]
Event: 2.857 Thread 0x00007fd0fa10e800 Exception <a 'java/security/PrivilegedActionException'> (0x00000007972ed0b8) thrown at [/Users/java_re/workspace/8-2-build-macosx-x86_64/jdk8u31/2394/hotspot/src/share/vm/prims/jvm.cpp, line 1312]
Event: 2.858 Thread 0x00007fd0fa10e800 Exception <a 'java/security/PrivilegedActionException'> (0x00000007972f55b8) thrown at [/Users/java_re/workspace/8-2-build-macosx-x86_64/jdk8u31/2394/hotspot/src/share/vm/prims/jvm.cpp, line 1312]
Event: 2.859 Thread 0x00007fd0fa10e800 Exception <a 'java/security/PrivilegedActionException'> (0x00000007972fc2a8) thrown at [/Users/java_re/workspace/8-2-build-macosx-x86_64/jdk8u31/2394/hotspot/src/share/vm/prims/jvm.cpp, line 1312]
Event: 2.859 Thread 0x00007fd0fa10e800 Exception <a 'java/security/PrivilegedActionException'> (0x00000007972fff10) thrown at [/Users/java_re/workspace/8-2-build-macosx-x86_64/jdk8u31/2394/hotspot/src/share/vm/prims/jvm.cpp, line 1312]
Event: 2.860 Thread 0x00007fd0fa10e800 Exception <a 'java/security/PrivilegedActionException'> (0x0000000797305810) thrown at [/Users/java_re/workspace/8-2-build-macosx-x86_64/jdk8u31/2394/hotspot/src/share/vm/prims/jvm.cpp, line 1312]
Event: 2.880 Thread 0x00007fd0fa10e800 Exception <a 'java/lang/ArrayIndexOutOfBoundsException'> (0x00000007973e8ea8) thrown at [/Users/java_re/workspace/8-2-build-macosx-x86_64/jdk8u31/2394/hotspot/src/share/vm/runtime/sharedRuntime.cpp, line 604]
Event: 4.114 Thread 0x00007fd0fa10e800 Implicit null exception at 0x00000001021cf63d to 0x00000001021cfe45
Event: 13.169 Thread 0x00007fd0fb26a800 Exception <a 'java/security/PrivilegedActionException'> (0x0000000795ee1a20) thrown at [/Users/java_re/workspace/8-2-build-macosx-x86_64/jdk8u31/2394/hotspot/src/share/vm/prims/jvm.cpp, line 1312]
Event: 21.814 Thread 0x00007fd0fa10e800 Exception <a 'java/lang/NullPointerException'> (0x0000000796fdb228) thrown at [/Users/java_re/workspace/8-2-build-macosx-x86_64/jdk8u31/2394/hotspot/src/share/vm/prims/jvm.cpp, line 1316]

Events (10 events):
Event: 812.894 loading class javafx/application/Application done
Event: 812.902 loading class com/sun/javafx/tk/quantum/QuantumRenderer
Event: 812.902 loading class com/sun/javafx/tk/quantum/QuantumRenderer done
Event: 812.902 loading class com/sun/javafx/tk/quantum/QuantumToolkit
Event: 812.902 loading class com/sun/javafx/tk/quantum/QuantumToolkit done
Event: 812.902 Thread 0x00007fd0fb065800 Thread exited: 0x00007fd0fb065800
Event: 812.905 Thread 0x00007fd0fa06e000 Thread exited: 0x00007fd0fa06e000
Event: 812.906 Thread 0x00007fd0fb008800 Thread exited: 0x00007fd0fb008800
Event: 812.906 Thread 0x00007fd0fa910800 Thread added: 0x00007fd0fa910800
Event: 812.911 Thread 0x00007fd0fa10e800 Thread exited: 0x00007fd0fa10e800


Dynamic libraries:
0x0000000004c01000 	/System/Library/Frameworks/Cocoa.framework/Versions/A/Cocoa
0x0000000004c01000 	/System/Library/Frameworks/Security.framework/Versions/A/Security
0x0000000004c01000 	/System/Library/Frameworks/ApplicationServices.framework/Versions/A/ApplicationServices
0x0000000004c01000 	/usr/lib/libz.1.dylib
0x0000000004c01000 	/usr/lib/libSystem.B.dylib
0x0000000004c01000 	/usr/lib/libobjc.A.dylib
0x0000000004c01000 	/System/Library/Frameworks/CoreFoundation.framework/Versions/A/CoreFoundation
0x0000000004c01000 	/System/Library/Frameworks/Foundation.framework/Versions/C/Foundation
0x0000000004c01000 	/System/Library/Frameworks/AppKit.framework/Versions/C/AppKit
0x0000000004c01000 	/System/Library/Frameworks/CoreData.framework/Versions/A/CoreData
0x0000000004c01000 	/System/Library/PrivateFrameworks/RemoteViewServices.framework/Versions/A/RemoteViewServices
0x0000000004c01000 	/System/Library/PrivateFrameworks/UIFoundation.framework/Versions/A/UIFoundation
0x0000000004c01000 	/System/Library/Frameworks/IOSurface.framework/Versions/A/IOSurface
0x0000000004c01000 	/System/Library/Frameworks/AudioToolbox.framework/Versions/A/AudioToolbox
0x0000000004c01000 	/System/Library/Frameworks/AudioUnit.framework/Versions/A/AudioUnit
0x0000000004c01000 	/System/Library/PrivateFrameworks/DataDetectorsCore.framework/Versions/A/DataDetectorsCore
0x0000000004c01000 	/System/Library/PrivateFrameworks/DesktopServicesPriv.framework/Versions/A/DesktopServicesPriv
0x0000000004c01000 	/System/Library/Frameworks/Carbon.framework/Versions/A/Frameworks/HIToolbox.framework/Versions/A/HIToolbox
0x0000000004c01000 	/System/Library/Frameworks/QuartzCore.framework/Versions/A/QuartzCore
0x0000000004c01000 	/System/Library/Frameworks/Carbon.framework/Versions/A/Frameworks/SpeechRecognition.framework/Versions/A/SpeechRecognition
0x0000000004c01000 	/usr/lib/libauto.dylib
0x0000000004c01000 	/usr/lib/libicucore.A.dylib
0x0000000004c01000 	/usr/lib/libxml2.2.dylib
0x0000000004c01000 	/System/Library/PrivateFrameworks/CoreUI.framework/Versions/A/CoreUI
0x0000000004c01000 	/System/Library/Frameworks/CoreAudio.framework/Versions/A/CoreAudio
0x0000000004c01000 	/System/Library/Frameworks/DiskArbitration.framework/Versions/A/DiskArbitration
0x0000000004c01000 	/usr/lib/liblangid.dylib
0x0000000004c01000 	/System/Library/PrivateFrameworks/MultitouchSupport.framework/Versions/A/MultitouchSupport
0x0000000004c01000 	/System/Library/Frameworks/IOKit.framework/Versions/A/IOKit
0x0000000004c01000 	/usr/lib/libDiagnosticMessagesClient.dylib
0x0000000004c01000 	/System/Library/Frameworks/CoreServices.framework/Versions/A/CoreServices
0x0000000004c01000 	/System/Library/PrivateFrameworks/PerformanceAnalysis.framework/Versions/A/PerformanceAnalysis
0x0000000004c01000 	/System/Library/PrivateFrameworks/GenerationalStorage.framework/Versions/A/GenerationalStorage
0x0000000004c01000 	/System/Library/Frameworks/OpenGL.framework/Versions/A/OpenGL
0x0000000004c01000 	/System/Library/PrivateFrameworks/Sharing.framework/Versions/A/Sharing
0x0000000004c01000 	/System/Library/Frameworks/CoreGraphics.framework/Versions/A/CoreGraphics
0x0000000004c01000 	/System/Library/Frameworks/CoreText.framework/Versions/A/CoreText
0x0000000004c01000 	/System/Library/Frameworks/ImageIO.framework/Versions/A/ImageIO
0x0000000004c01000 	/usr/lib/libextension.dylib
0x0000000004c01000 	/System/Library/PrivateFrameworks/Backup.framework/Versions/A/Backup
0x0000000004c01000 	/usr/lib/libarchive.2.dylib
0x0000000004c01000 	/System/Library/Frameworks/CFNetwork.framework/Versions/A/CFNetwork
0x0000000004c01000 	/System/Library/Frameworks/SystemConfiguration.framework/Versions/A/SystemConfiguration
0x0000000004c01000 	/usr/lib/libCRFSuite.dylib
0x0000000004c01000 	/usr/lib/libc++.1.dylib
0x0000000004c01000 	/usr/lib/libc++abi.dylib
0x0000000004c01000 	/usr/lib/system/libcache.dylib
0x0000000004c01000 	/usr/lib/system/libcommonCrypto.dylib
0x0000000004c01000 	/usr/lib/system/libcompiler_rt.dylib
0x0000000004c01000 	/usr/lib/system/libcopyfile.dylib
0x0000000004c01000 	/usr/lib/system/libcorecrypto.dylib
0x0000000004c01000 	/usr/lib/system/libdispatch.dylib
0x0000000004c01000 	/usr/lib/system/libdyld.dylib
0x0000000004c01000 	/usr/lib/system/libkeymgr.dylib
0x0000000004c01000 	/usr/lib/system/liblaunch.dylib
0x0000000004c01000 	/usr/lib/system/libmacho.dylib
0x0000000004c01000 	/usr/lib/system/libquarantine.dylib
0x0000000004c01000 	/usr/lib/system/libremovefile.dylib
0x0000000004c01000 	/usr/lib/system/libsystem_asl.dylib
0x0000000004c01000 	/usr/lib/system/libsystem_blocks.dylib
0x0000000004c01000 	/usr/lib/system/libsystem_c.dylib
0x0000000004c01000 	/usr/lib/system/libsystem_configuration.dylib
0x0000000004c01000 	/usr/lib/system/libsystem_coreservices.dylib
0x0000000004c01000 	/usr/lib/system/libsystem_coretls.dylib
0x0000000004c01000 	/usr/lib/system/libsystem_dnssd.dylib
0x0000000004c01000 	/usr/lib/system/libsystem_info.dylib
0x0000000004c01000 	/usr/lib/system/libsystem_kernel.dylib
0x0000000004c01000 	/usr/lib/system/libsystem_m.dylib
0x0000000004c01000 	/usr/lib/system/libsystem_malloc.dylib
0x0000000004c01000 	/usr/lib/system/libsystem_network.dylib
0x0000000004c01000 	/usr/lib/system/libsystem_networkextension.dylib
0x0000000004c01000 	/usr/lib/system/libsystem_notify.dylib
0x0000000004c01000 	/usr/lib/system/libsystem_platform.dylib
0x0000000004c01000 	/usr/lib/system/libsystem_pthread.dylib
0x0000000004c01000 	/usr/lib/system/libsystem_sandbox.dylib
0x0000000004c01000 	/usr/lib/system/libsystem_secinit.dylib
0x0000000004c01000 	/usr/lib/system/libsystem_stats.dylib
0x0000000004c01000 	/usr/lib/system/libsystem_trace.dylib
0x0000000004c01000 	/usr/lib/system/libunc.dylib
0x0000000004c01000 	/usr/lib/system/libunwind.dylib
0x0000000004c01000 	/usr/lib/system/libxpc.dylib
0x0000000004c01000 	/usr/lib/libbz2.1.0.dylib
0x0000000004c01000 	/usr/lib/liblzma.5.dylib
0x0000000004c01000 	/usr/lib/libbsm.0.dylib
0x0000000004c01000 	/usr/lib/libsqlite3.dylib
0x0000000004c01000 	/usr/lib/system/libkxld.dylib
0x0000000004c01000 	/usr/lib/libxar.1.dylib
0x0000000004c01000 	/usr/lib/libpam.2.dylib
0x0000000004c01000 	/usr/lib/libOpenScriptingUtil.dylib
0x0000000004c01000 	/System/Library/Frameworks/CoreServices.framework/Versions/A/Frameworks/FSEvents.framework/Versions/A/FSEvents
0x0000000004c01000 	/System/Library/Frameworks/CoreServices.framework/Versions/A/Frameworks/CarbonCore.framework/Versions/A/CarbonCore
0x0000000004c01000 	/System/Library/Frameworks/CoreServices.framework/Versions/A/Frameworks/Metadata.framework/Versions/A/Metadata
0x0000000004c01000 	/System/Library/Frameworks/CoreServices.framework/Versions/A/Frameworks/OSServices.framework/Versions/A/OSServices
0x0000000004c01000 	/System/Library/Frameworks/CoreServices.framework/Versions/A/Frameworks/SearchKit.framework/Versions/A/SearchKit
0x0000000004c01000 	/System/Library/Frameworks/CoreServices.framework/Versions/A/Frameworks/AE.framework/Versions/A/AE
0x0000000004c01000 	/System/Library/Frameworks/CoreServices.framework/Versions/A/Frameworks/LaunchServices.framework/Versions/A/LaunchServices
0x0000000004c01000 	/System/Library/Frameworks/CoreServices.framework/Versions/A/Frameworks/DictionaryServices.framework/Versions/A/DictionaryServices
0x0000000004c01000 	/System/Library/Frameworks/NetFS.framework/Versions/A/NetFS
0x0000000004c01000 	/System/Library/PrivateFrameworks/NetAuth.framework/Versions/A/NetAuth
0x0000000004c01000 	/System/Library/PrivateFrameworks/login.framework/Versions/A/Frameworks/loginsupport.framework/Versions/A/loginsupport
0x0000000004c01000 	/System/Library/PrivateFrameworks/TCC.framework/Versions/A/TCC
0x0000000004c01000 	/usr/lib/libmecabra.dylib
0x0000000004c01000 	/System/Library/PrivateFrameworks/LanguageModeling.framework/Versions/A/LanguageModeling
0x0000000004c01000 	/usr/lib/libcmph.dylib
0x0000000004c01000 	/usr/lib/libiconv.2.dylib
0x0000000004c01000 	/System/Library/Frameworks/OpenDirectory.framework/Versions/A/Frameworks/CFOpenDirectory.framework/Versions/A/CFOpenDirectory
0x0000000004c01000 	/System/Library/Frameworks/ServiceManagement.framework/Versions/A/ServiceManagement
0x0000000004c01000 	/usr/lib/libxslt.1.dylib
0x0000000004c01000 	/System/Library/Frameworks/Carbon.framework/Versions/A/Frameworks/Ink.framework/Versions/A/Ink
0x0000000004c01000 	/System/Library/Frameworks/ApplicationServices.framework/Versions/A/Frameworks/ATS.framework/Versions/A/ATS
0x0000000004c01000 	/System/Library/Frameworks/ApplicationServices.framework/Versions/A/Frameworks/ColorSync.framework/Versions/A/ColorSync
0x0000000004c01000 	/System/Library/Frameworks/ApplicationServices.framework/Versions/A/Frameworks/HIServices.framework/Versions/A/HIServices
0x0000000004c01000 	/System/Library/Frameworks/ApplicationServices.framework/Versions/A/Frameworks/LangAnalysis.framework/Versions/A/LangAnalysis
0x0000000004c01000 	/System/Library/Frameworks/ApplicationServices.framework/Versions/A/Frameworks/PrintCore.framework/Versions/A/PrintCore
0x0000000004c01000 	/System/Library/Frameworks/ApplicationServices.framework/Versions/A/Frameworks/QD.framework/Versions/A/QD
0x0000000004c01000 	/System/Library/Frameworks/ApplicationServices.framework/Versions/A/Frameworks/SpeechSynthesis.framework/Versions/A/SpeechSynthesis
0x0000000004c01000 	/System/Library/Frameworks/Accelerate.framework/Versions/A/Accelerate
0x0000000004c01000 	/System/Library/Frameworks/Accelerate.framework/Versions/A/Frameworks/vImage.framework/Versions/A/vImage
0x0000000004c01000 	/System/Library/Frameworks/Accelerate.framework/Versions/A/Frameworks/vecLib.framework/Versions/A/vecLib
0x0000000004c01000 	/System/Library/Frameworks/Accelerate.framework/Versions/A/Frameworks/vecLib.framework/Versions/A/libvDSP.dylib
0x0000000004c01000 	/System/Library/Frameworks/Accelerate.framework/Versions/A/Frameworks/vecLib.framework/Versions/A/libvMisc.dylib
0x0000000004c01000 	/System/Library/Frameworks/Accelerate.framework/Versions/A/Frameworks/vecLib.framework/Versions/A/libLAPACK.dylib
0x0000000004c01000 	/System/Library/Frameworks/Accelerate.framework/Versions/A/Frameworks/vecLib.framework/Versions/A/libBLAS.dylib
0x0000000004c01000 	/System/Library/Frameworks/Accelerate.framework/Versions/A/Frameworks/vecLib.framework/Versions/A/libLinearAlgebra.dylib
0x0000000004c01000 	/System/Library/Frameworks/ApplicationServices.framework/Versions/A/Frameworks/ATS.framework/Versions/A/Resources/libFontParser.dylib
0x0000000004c01000 	/System/Library/Frameworks/ApplicationServices.framework/Versions/A/Frameworks/ATS.framework/Versions/A/Resources/libFontRegistry.dylib
0x0000000004c01000 	/System/Library/PrivateFrameworks/AppleVPA.framework/Versions/A/AppleVPA
0x0000000004c01000 	/System/Library/PrivateFrameworks/AppleJPEG.framework/Versions/A/AppleJPEG
0x0000000004c01000 	/System/Library/Frameworks/ImageIO.framework/Versions/A/Resources/libJPEG.dylib
0x0000000004c01000 	/System/Library/Frameworks/ImageIO.framework/Versions/A/Resources/libTIFF.dylib
0x0000000004c01000 	/System/Library/Frameworks/ImageIO.framework/Versions/A/Resources/libPng.dylib
0x0000000004c01000 	/System/Library/Frameworks/ImageIO.framework/Versions/A/Resources/libGIF.dylib
0x0000000004c01000 	/System/Library/Frameworks/ImageIO.framework/Versions/A/Resources/libJP2.dylib
0x0000000004c01000 	/System/Library/Frameworks/ImageIO.framework/Versions/A/Resources/libRadiance.dylib
0x0000000004c01000 	/System/Library/Frameworks/CoreVideo.framework/Versions/A/CoreVideo
0x0000000004c01000 	/System/Library/Frameworks/OpenGL.framework/Versions/A/Libraries/libGLU.dylib
0x0000000004c01000 	/System/Library/Frameworks/OpenGL.framework/Versions/A/Libraries/libGFXShared.dylib
0x0000000004c01000 	/System/Library/Frameworks/OpenGL.framework/Versions/A/Libraries/libGL.dylib
0x0000000004c01000 	/System/Library/Frameworks/OpenGL.framework/Versions/A/Libraries/libGLImage.dylib
0x0000000004c01000 	/System/Library/Frameworks/OpenGL.framework/Versions/A/Libraries/libCVMSPluginSupport.dylib
0x0000000004c01000 	/System/Library/Frameworks/OpenGL.framework/Versions/A/Libraries/libCoreVMClient.dylib
0x0000000004c01000 	/usr/lib/libcups.2.dylib
0x0000000004c01000 	/System/Library/Frameworks/Kerberos.framework/Versions/A/Kerberos
0x0000000004c01000 	/System/Library/Frameworks/GSS.framework/Versions/A/GSS
0x0000000004c01000 	/usr/lib/libresolv.9.dylib
0x0000000004c01000 	/System/Library/PrivateFrameworks/Heimdal.framework/Versions/A/Heimdal
0x0000000004c01000 	/usr/lib/libheimdal-asn1.dylib
0x0000000004c01000 	/System/Library/Frameworks/OpenDirectory.framework/Versions/A/OpenDirectory
0x0000000004c01000 	/System/Library/PrivateFrameworks/CommonAuth.framework/Versions/A/CommonAuth
0x0000000004c01000 	/System/Library/Frameworks/SecurityFoundation.framework/Versions/A/SecurityFoundation
0x0000000004c01000 	/System/Library/Frameworks/QuartzCore.framework/Versions/A/Frameworks/CoreImage.framework/Versions/A/CoreImage
0x0000000004c01000 	/System/Library/PrivateFrameworks/CrashReporterSupport.framework/Versions/A/CrashReporterSupport
0x0000000004c01000 	/System/Library/Frameworks/OpenCL.framework/Versions/A/OpenCL
0x0000000004c01000 	/System/Library/PrivateFrameworks/FaceCore.framework/Versions/A/FaceCore
0x0000000004c01000 	/System/Library/PrivateFrameworks/Ubiquity.framework/Versions/A/Ubiquity
0x0000000004c01000 	/System/Library/PrivateFrameworks/IconServices.framework/Versions/A/IconServices
0x0000000004c01000 	/System/Library/PrivateFrameworks/ChunkingLibrary.framework/Versions/A/ChunkingLibrary
0x0000000004c01000 	/System/Library/PrivateFrameworks/Apple80211.framework/Versions/A/Apple80211
0x0000000004c01000 	/System/Library/Frameworks/CoreWLAN.framework/Versions/A/CoreWLAN
0x0000000004c01000 	/System/Library/Frameworks/IOBluetooth.framework/Versions/A/IOBluetooth
0x0000000004c01000 	/System/Library/PrivateFrameworks/CoreWiFi.framework/Versions/A/CoreWiFi
0x0000000004c01000 	/System/Library/Frameworks/CoreBluetooth.framework/Versions/A/CoreBluetooth
0x0000000004c01000 	/System/Library/PrivateFrameworks/DebugSymbols.framework/Versions/A/DebugSymbols
0x0000000004c01000 	/System/Library/PrivateFrameworks/CoreSymbolication.framework/Versions/A/CoreSymbolication
0x0000000004c01000 	/System/Library/PrivateFrameworks/Symbolication.framework/Versions/A/Symbolication
0x0000000004c01000 	/System/Library/PrivateFrameworks/SpeechRecognitionCore.framework/Versions/A/SpeechRecognitionCore
0x000000010046e000 	/Library/Java/JavaVirtualMachines/jdk1.8.0_31.jdk/Contents/Home/jre/lib/server/libjvm.dylib
0x0000000004c01000 	/usr/lib/libstdc++.6.dylib
0x00000001014a7000 	/Library/Java/JavaVirtualMachines/jdk1.8.0_31.jdk/Contents/Home/jre/lib/libverify.dylib
0x00000001014b5000 	/Library/Java/JavaVirtualMachines/jdk1.8.0_31.jdk/Contents/Home/jre/lib/libjava.dylib
0x00000001014f3000 	/Library/Java/JavaVirtualMachines/jdk1.8.0_31.jdk/Contents/Home/jre/lib/libzip.dylib
0x0000000117d72000 	/System/Library/Frameworks/JavaVM.framework/Frameworks/JavaRuntimeSupport.framework/JavaRuntimeSupport
0x0000000117d88000 	/System/Library/Frameworks/JavaVM.framework/Versions/A/Frameworks/JavaNativeFoundation.framework/Versions/A/JavaNativeFoundation
0x0000000117d9c000 	/System/Library/Frameworks/JavaVM.framework/Versions/A/JavaVM
0x0000000004c01000 	/System/Library/Frameworks/Carbon.framework/Versions/A/Carbon
0x0000000117da8000 	/System/Library/PrivateFrameworks/JavaLaunching.framework/Versions/A/JavaLaunching
0x0000000004c01000 	/System/Library/Frameworks/Carbon.framework/Versions/A/Frameworks/CommonPanels.framework/Versions/A/CommonPanels
0x0000000004c01000 	/System/Library/Frameworks/Carbon.framework/Versions/A/Frameworks/Help.framework/Versions/A/Help
0x0000000004c01000 	/System/Library/Frameworks/Carbon.framework/Versions/A/Frameworks/ImageCapture.framework/Versions/A/ImageCapture
0x0000000004c01000 	/System/Library/Frameworks/Carbon.framework/Versions/A/Frameworks/OpenScripting.framework/Versions/A/OpenScripting
0x0000000004c01000 	/System/Library/Frameworks/Carbon.framework/Versions/A/Frameworks/Print.framework/Versions/A/Print
0x0000000004c01000 	/System/Library/Frameworks/Carbon.framework/Versions/A/Frameworks/SecurityHI.framework/Versions/A/SecurityHI
0x0000000119ce8000 	/Applications/IntelliJ IDEA 14.app/Contents/bin/libbreakgen64.jnilib
0x0000000119e7a000 	/Library/Java/JavaVirtualMachines/jdk1.8.0_31.jdk/Contents/Home/jre/lib/libnet.dylib
0x000000011a0df000 	/Library/Java/JavaVirtualMachines/jdk1.8.0_31.jdk/Contents/Home/jre/lib/libprism_es2.dylib
0x0000000004c01000 	/System/Library/Frameworks/OpenGL.framework/Versions/A/Resources/GLEngine.bundle/GLEngine
0x0000000004c01000 	/System/Library/Frameworks/OpenGL.framework/Versions/A/Libraries/libGLProgrammability.dylib
0x0000000000000000 	/System/Library/Extensions/AppleIntelHD5000GraphicsGLDriver.bundle/Contents/MacOS/AppleIntelHD5000GraphicsGLDriver
0x0000000004c01000 	/System/Library/PrivateFrameworks/IOAccelerator.framework/Versions/A/IOAccelerator
0x0000000004c01000 	/System/Library/PrivateFrameworks/GPUSupport.framework/Versions/A/Libraries/libGPUSupportMercury.dylib
0x0000000004c01000 	/System/Library/Frameworks/OpenGL.framework/Versions/A/Resources/GLRendererFloat.bundle/GLRendererFloat
0x0000000004c01000 	/System/Library/Frameworks/OpenCL.framework/Versions/A/Libraries/libcldcpuengine.dylib
0x0000000004c01000 	/System/Library/PrivateFrameworks/DiskImages.framework/Versions/A/DiskImages
0x0000000004c01000 	/System/Library/Frameworks/DiscRecording.framework/Versions/A/DiscRecording
0x0000000004c01000 	/usr/lib/libcsfde.dylib
0x0000000004c01000 	/usr/lib/libcurl.4.dylib
0x0000000004c01000 	/System/Library/PrivateFrameworks/MediaKit.framework/Versions/A/MediaKit
0x0000000004c01000 	/System/Library/PrivateFrameworks/ProtectedCloudStorage.framework/Versions/A/ProtectedCloudStorage
0x0000000004c01000 	/usr/lib/libCoreStorage.dylib
0x0000000004c01000 	/System/Library/PrivateFrameworks/EFILogin.framework/Versions/A/EFILogin
0x0000000004c01000 	/usr/lib/libutil.dylib
0x0000000004c01000 	/System/Library/PrivateFrameworks/FindMyDevice.framework/Versions/A/FindMyDevice
0x0000000004c01000 	/System/Library/Frameworks/LDAP.framework/Versions/A/LDAP
0x0000000004c01000 	/usr/lib/libsasl2.2.dylib
0x0000000004c01000 	/System/Library/PrivateFrameworks/CoreDaemon.framework/Versions/B/CoreDaemon
0x0000000004c01000 	/usr/lib/libcrypto.0.9.8.dylib
0x0000000004c01000 	/System/Library/PrivateFrameworks/AppleSRP.framework/Versions/A/AppleSRP
0x0000000004c01000 	/System/Library/PrivateFrameworks/TrustEvaluationAgent.framework/Versions/A/TrustEvaluationAgent
0x000000011a58c000 	/Library/Java/JavaVirtualMachines/jdk1.8.0_31.jdk/Contents/Home/jre/lib/libglass.dylib
0x0000000004c01000 	/System/Library/PrivateFrameworks/CoreServicesInternal.framework/Versions/A/CoreServicesInternal
0x0000000004c01000 	/System/Library/PrivateFrameworks/CloudDocs.framework/Versions/A/CloudDocs
0x0000000004c01000 	/System/Library/PrivateFrameworks/CoreDuet.framework/Versions/A/CoreDuet
0x0000000004c01000 	/System/Library/Frameworks/CloudKit.framework/Versions/A/CloudKit
0x0000000004c01000 	/System/Library/PrivateFrameworks/ProtocolBuffer.framework/Versions/A/ProtocolBuffer
0x0000000004c01000 	/System/Library/PrivateFrameworks/CoreDuetDaemonProtocol.framework/Versions/A/CoreDuetDaemonProtocol
0x0000000004c01000 	/System/Library/PrivateFrameworks/CoreDuetDebugLogging.framework/Versions/A/CoreDuetDebugLogging
0x0000000004c01000 	/System/Library/Frameworks/CoreLocation.framework/Versions/A/CoreLocation
0x0000000004c01000 	/System/Library/Frameworks/Accounts.framework/Versions/A/Accounts
0x0000000004c01000 	/System/Library/PrivateFrameworks/ApplePushService.framework/Versions/A/ApplePushService
0x0000000004c01000 	/System/Library/PrivateFrameworks/GeoServices.framework/Versions/A/GeoServices
0x0000000004c01000 	/System/Library/PrivateFrameworks/OAuth.framework/Versions/A/OAuth
0x0000000004c01000 	/System/Library/Frameworks/CoreGraphics.framework/Versions/A/Resources/libCGCMS.A.dylib
0x0000000004c01000 	/System/Library/CoreServices/RawCamera.bundle/Contents/MacOS/RawCamera
0x0000000004c01000 	/System/Library/Frameworks/CoreGraphics.framework/Versions/A/Resources/libRIP.A.dylib
0x0000000004c01000 	/System/Library/PrivateFrameworks/FamilyControls.framework/Versions/A/FamilyControls
0x0000000004c01000 	/System/Library/PrivateFrameworks/CommerceKit.framework/Versions/A/Frameworks/CommerceCore.framework/Versions/A/CommerceCore
0x0000000004c01000 	/System/Library/PrivateFrameworks/SystemAdministration.framework/Versions/A/SystemAdministration
0x0000000004c01000 	/System/Library/PrivateFrameworks/AppContainer.framework/Versions/A/AppContainer
0x0000000004c01000 	/System/Library/PrivateFrameworks/SecCodeWrapper.framework/Versions/A/SecCodeWrapper
0x0000000004c01000 	/System/Library/Frameworks/DirectoryService.framework/Versions/A/DirectoryService
0x0000000004c01000 	/System/Library/PrivateFrameworks/LoginUIKit.framework/Versions/A/Frameworks/LoginUICore.framework/Versions/A/LoginUICore
0x0000000004c01000 	/usr/lib/libodfde.dylib
0x000000011df0d000 	/Library/Java/JavaVirtualMachines/jdk1.8.0_31.jdk/Contents/Home/jre/lib/libjavafx_font.dylib
0x0000000004c01000 	/System/Library/Frameworks/CoreGraphics.framework/Versions/A/Resources/libCGXType.A.dylib
0x00000001200a5000 	cl_kernels
0x00000001209a4000 	/System/Library/Frameworks/OpenCL.framework/Versions/A/Libraries/ImageFormats/unorm8_bgra.dylib
0x0000000120097000 	cl_kernels
0x00000001210ae000 	/Library/Java/JavaVirtualMachines/jdk1.8.0_31.jdk/Contents/Home/jre/lib/libprism_common.dylib

VM Arguments:
jvm_args: -Didea.launcher.port=7534 -Didea.launcher.bin.path=/Applications/IntelliJ IDEA 14.app/Contents/bin -Dfile.encoding=UTF-8 
java_command: com.intellij.rt.execution.application.AppMain sample.Main
java_class_path (initial): /Library/Java/JavaVirtualMachines/jdk1.8.0_31.jdk/Contents/Home/lib/ant-javafx.jar:/Library/Java/JavaVirtualMachines/jdk1.8.0_31.jdk/Contents/Home/lib/dt.jar:/Library/Java/JavaVirtualMachines/jdk1.8.0_31.jdk/Contents/Home/lib/javafx-mx.jar:/Library/Java/JavaVirtualMachines/jdk1.8.0_31.jdk/Contents/Home/lib/jconsole.jar:/Library/Java/JavaVirtualMachines/jdk1.8.0_31.jdk/Contents/Home/lib/sa-jdi.jar:/Library/Java/JavaVirtualMachines/jdk1.8.0_31.jdk/Contents/Home/lib/tools.jar:/Library/Java/JavaVirtualMachines/jdk1.8.0_31.jdk/Contents/Home/jre/lib/charsets.jar:/Library/Java/JavaVirtualMachines/jdk1.8.0_31.jdk/Contents/Home/jre/lib/deploy.jar:/Library/Java/JavaVirtualMachines/jdk1.8.0_31.jdk/Contents/Home/jre/lib/javaws.jar:/Library/Java/JavaVirtualMachines/jdk1.8.0_31.jdk/Contents/Home/jre/lib/jce.jar:/Library/Java/JavaVirtualMachines/jdk1.8.0_31.jdk/Contents/Home/jre/lib/jfr.jar:/Library/Java/JavaVirtualMachines/jdk1.8.0_31.jdk/Contents/Home/jre/lib/jfxswt.jar:/Library/Java/JavaVirtualMachines/jdk1.8.0_31.jdk/Contents/Home/jre/lib/jsse.jar:/Library/Java/JavaVirtualMachines/jdk1.8.0_31.jdk/Contents/Home/jre/lib/management-agent.jar:/Library/Java/JavaVirtualMachines/jdk1.8.0_31.jdk/Contents/Home/jre/lib/plugin.jar:/Library/Java/JavaVirtualMachines/jdk1.8.0_31.jdk/Contents/Home/jre/lib/resources.jar:/Library/Java/JavaVirtualMachines/jdk1.8.0_31.jdk/Contents/Home/jre/lib/rt.jar:/Library/Java/JavaVirtualMachines/jdk1.8.0_31.jdk/Contents/Home/jre/lib/ext/cldrdata.jar:/Library/Java/JavaVirtualMachines/jdk1.8.0_31.jdk/Contents/Home/jre/lib/ext/dnsns.jar:/Library/Java/JavaVirtualMachines/jdk1.8.0_31.jdk/Contents/Home/jre/lib/ext/jfxrt.jar:/Library/Java/JavaVirtualMachines/jdk1.8.0_31.jdk/Contents/Home/jre/lib/ext/localedata.jar:/Library/Java/JavaVirtualMachines/jdk1.8.0_31.jdk/Contents/Home/jre/lib/ext/nashorn.jar:/Library/Java/JavaVirtualMachines/jdk1.8.0_31.jdk/Contents/Home/jre/lib/ext/sunec.jar:/Library/Java/JavaVirtualMachines/jdk1.8.0_31.jdk/C
Launcher Type: SUN_STANDARD

Environment Variables:
PATH=/usr/local/bin:/usr/bin:/bin:/usr/sbin:/sbin:/usr/local/git/bin
SHELL=/bin/bash

Signal Handlers:
SIGSEGV: [libjvm.dylib+0x57a0e7], sa_mask[0]=11111111011111110111111111111111, sa_flags=SA_ONSTACK|SA_RESTART|SA_SIGINFO
SIGBUS: [libjvm.dylib+0x57a0e7], sa_mask[0]=11111111011111110111111111111111, sa_flags=SA_RESTART|SA_SIGINFO
SIGFPE: [libjvm.dylib+0x45af24], sa_mask[0]=11111111011111110111111111111111, sa_flags=SA_RESTART|SA_SIGINFO
SIGPIPE: [libjvm.dylib+0x45af24], sa_mask[0]=11111111011111110111111111111111, sa_flags=SA_RESTART|SA_SIGINFO
SIGXFSZ: [libjvm.dylib+0x45af24], sa_mask[0]=11111111011111110111111111111111, sa_flags=SA_RESTART|SA_SIGINFO
SIGILL: [libjvm.dylib+0x45af24], sa_mask[0]=11111111011111110111111111111111, sa_flags=SA_RESTART|SA_SIGINFO
SIGUSR1: SIG_DFL, sa_mask[0]=00000000000000000000000000000000, sa_flags=none
SIGUSR2: [libjvm.dylib+0x45aa42], sa_mask[0]=00100000000000000000000000000000, sa_flags=SA_RESTART|SA_SIGINFO
SIGHUP: [libjvm.dylib+0x459015], sa_mask[0]=11111111011111110111111111111111, sa_flags=SA_RESTART|SA_SIGINFO
SIGINT: [libjvm.dylib+0x459015], sa_mask[0]=11111111011111110111111111111111, sa_flags=SA_RESTART|SA_SIGINFO
SIGTERM: [libjvm.dylib+0x459015], sa_mask[0]=11111111011111110111111111111111, sa_flags=SA_RESTART|SA_SIGINFO
SIGQUIT: [libjvm.dylib+0x459015], sa_mask[0]=11111111011111110111111111111111, sa_flags=SA_RESTART|SA_SIGINFO


---------------  S Y S T E M  ---------------

OS:Bsduname:Darwin 14.0.0 Darwin Kernel Version 14.0.0: Fri Sep 19 00:26:44 PDT 2014; root:xnu-2782.1.97~2/RELEASE_X86_64 x86_64
rlimit: STACK 8192k, CORE 0k, NPROC 709, NOFILE 10240, AS infinity
load average:1.87 1.80 2.13

CPU:total 4 (2 cores per cpu, 2 threads per core) family 6 model 69 stepping 1, cmov, cx8, fxsr, mmx, sse, sse2, sse3, ssse3, sse4.1, sse4.2, popcnt, avx, avx2, aes, clmul, erms, lzcnt, ht, tsc, tscinvbit, bmi1, bmi2

Memory: 4k page, physical 8388608k(432420k free)

/proc/meminfo:


vm_info: Java HotSpot(TM) 64-Bit Server VM (25.31-b07) for bsd-amd64 JRE (1.8.0_31-b13), built on Dec 17 2014 20:45:36 by "java_re" with gcc 4.2.1 (Based on Apple Inc. build 5658) (LLVM build 2336.11.00)

time: Tue Jun  2 18:30:32 2015
elapsed time: 1974 seconds (0d 0h 32m 54s)

