#
# A fatal error has been detected by the Java Runtime Environment:
#
#  SIGSEGV (0xb) at pc=0x000000011ead0381, pid=32909, tid=1811
#
# JRE version: Java(TM) SE Runtime Environment (8.0_31-b13) (build 1.8.0_31-b13)
# Java VM: Java HotSpot(TM) 64-Bit Server VM (25.31-b07 mixed mode bsd-amd64 compressed oops)
# Problematic frame:
# C  [libglass.dylib+0x16381]  GlassScreenDidChangeScreenParameters+0x21
#
# Failed to write core dump. Core dumps have been disabled. To enable core dumping, try "ulimit -c unlimited" before starting Java again
#
# If you would like to submit a bug report, please visit:
#   http://bugreport.java.com/bugreport/crash.jsp
#

---------------  T H R E A D  ---------------

Current thread is native thread

siginfo: si_signo: 11 (SIGSEGV), si_code: 1 (SEGV_MAPERR), si_addr: 0x0000000000000000

Registers:
RAX=0x000000011eb02d48, RBX=0x0000000000000000, RCX=0xe70008817883e281, RDX=0x00007fff75fff1f8
RSP=0x00007fff5b355980, RBP=0x00007fff5b355990, RSI=0x00007f882051b4d0, RDI=0x0000000000000000
R8 =0x00007fff5b355830, R9 =0x00007fff752c4300, R10=0x0000000000000000, R11=0x0000000000000246
R12=0x00007f8820700da0, R13=0x00000000000f4268, R14=0x00007f8820451bc0, R15=0x00007fff5b355ad0
RIP=0x000000011ead0381, EFLAGS=0x0000000000010246, ERR=0x0000000000000004
  TRAPNO=0x000000000000000e

Top of Stack: (sp=0x00007fff5b355980)
0x00007fff5b355980:   00007fff5b355b60 00007f8820451bc0
0x00007fff5b355990:   00007fff5b3559a0 00007fff876a3cbc
0x00007fff5b3559a0:   00007fff5b355d00 00007fff875951b4
0x00007fff5b3559b0:   00007f8821a1f000 0000000000000000
0x00007fff5b3559c0:   00000001048c1000 00007f88205fc080
0x00007fff5b3559d0:   0000000000001000 0000000000000900
0x00007fff5b3559e0:   0000000000000004 00007f8820451bc0
0x00007fff5b3559f0:   0000000000000000 00007fff5b355ad0
0x00007fff5b355a00:   0000000000000000 00007f8820451b80
0x00007fff5b355a10:   00007fff5b355b50 0000000000000060
0x00007fff5b355a20:   00000000000f430e 00007f88207a99a0
0x00007fff5b355a30:   00007f8820641110 00007f8820700da0
0x00007fff5b355a40:   0000000000000001 00000000000f4268
0x00007fff5b355a50:   00007f8820700d90 00007fff85540acb
0x00007fff5b355a60:   0000000000000001 0000000000000001
0x00007fff5b355a70:   0000000000000030 0000000000000001
0x00007fff5b355a80:   00007fff5b355aa0 00007fff85546231
0x00007fff5b355a90:   00007fff7554add0 0000000000000000
0x00007fff5b355aa0:   00007fff5b355ac0 000000000000000d
0x00007fff5b355ab0:   0011710300000000 00007f8820700dc4
0x00007fff5b355ac0:   0000000000000000 00007fff8758ac8f
0x00007fff5b355ad0:   00007f8820451bc0 00007fff7554add0
0x00007fff5b355ae0:   00007fff5b355b60 00007fff875937bf
0x00007fff5b355af0:   00007fff5b355b64 0000000000473301
0x00007fff5b355b00:   00000001048c4a00 0000000000000002
0x00007fff5b355b10:   00000001048c1000 00007f8822b61752
0x00007fff5b355b20:   0000000000000003 00000001048c4a00
0x00007fff5b355b30:   00007fff5b355c20 00007fff8553f2a2
0x00007fff5b355b40:   00007f8820640d00 00007fff5b355d08
0x00007fff5b355b50:   0000000000000017 0000000000000000
0x00007fff5b355b60:   00000000000f4268 00007fff8758af83
0x00007fff5b355b70:   00007fff00000000 00007f8820648040 

Instructions: (pc=0x000000011ead0381)
0x000000011ead0361:   48 89 e5 41 56 53 48 8d 05 d2 2a 03 00 48 83 38
0x000000011ead0371:   00 48 89 fb 75 72 48 8d 05 ca 29 03 00 48 8b 30
0x000000011ead0381:   48 8b 03 48 8d 15 7c 99 01 00 48 8d 0d 5e 6f 01
0x000000011ead0391:   00 48 89 df ff 90 88 03 00 00 48 8d 0d 9e 2a 03 

Register to memory mapping:

RAX=0x000000011eb02d48: jScreenClass+0 in /Library/Java/JavaVirtualMachines/jdk1.8.0_31.jdk/Contents/Home/jre/lib/libglass.dylib at 0x000000011eaba000
RBX=0x0000000000000000 is an unknown value
RCX=0xe70008817883e281 is an unknown value
RDX=0x00007fff75fff1f8: __sFX+0x1c8 in /usr/lib/system/libsystem_c.dylib at 0x00007fff8bbe8000
RSP=0x00007fff5b355980 is an unknown value
RBP=0x00007fff5b355990 is an unknown value
RSI=0x00007f882051b4d0 is a global jni handle
RDI=0x0000000000000000 is an unknown value
R8 =0x00007fff5b355830 is an unknown value
R9 =0x00007fff752c4300: _thread+0 in /usr/lib/system/libsystem_pthread.dylib at 0x00007fff86507000
R10=0x0000000000000000 is an unknown value
R11=0x0000000000000246 is an unknown value
R12=0x00007f8820700da0 is an unknown value
R13=0x00000000000f4268 is an unknown value
R14=0x00007f8820451bc0 is an unknown value
R15=0x00007fff5b355ad0 is an unknown value


Stack: [0x00007fff5ab59000,0x00007fff5b359000],  sp=0x00007fff5b355980,  free space=8178k
Native frames: (J=compiled Java code, j=interpreted, Vv=VM code, C=native code)
C  [libglass.dylib+0x16381]  GlassScreenDidChangeScreenParameters+0x21
C  [CoreFoundation+0x11ecbc]  __CFNOTIFICATIONCENTER_IS_CALLING_OUT_TO_AN_OBSERVER__+0xc
C  [CoreFoundation+0x101b4]  _CFXNotificationPost+0xc44
C  [Foundation+0x2ea1]  -[NSNotificationCenter postNotificationName:object:userInfo:]+0x42
C  [AppKit+0x362dee]  -[NSApplication _reactToScreenInvalidationImmediately:]+0x17b
C  [AppKit+0x362c2d]  __44-[NSApplication _reactToScreenInvalidation:]_block_invoke+0x4b
C  [CoreFoundation+0x8054c]  __CFRUNLOOP_IS_CALLING_OUT_TO_A_BLOCK__+0xc
C  [CoreFoundation+0x72655]  __CFRunLoopDoBlocks+0x155
C  [CoreFoundation+0x72196]  __CFRunLoopRun+0x716
C  [CoreFoundation+0x71838]  CFRunLoopRunSpecific+0x128
C  [java+0x56cc]  CreateExecutionEnvironment+0x367
C  [java+0x165c]  JLI_Launch+0x7a0
C  [java+0x768a]  main+0x65
C  [java+0xeb4]  start+0x34


---------------  P R O C E S S  ---------------

VM state:not at safepoint (normal execution)

VM Mutex/Monitor currently owned by a thread: None

Heap:
 PSYoungGen      total 37888K, used 28367K [0x0000000795580000, 0x0000000798a80000, 0x00000007c0000000)
  eden space 32768K, 70% used [0x0000000795580000,0x0000000796c37e00,0x0000000797580000)
  from space 5120K, 99% used [0x0000000797600000,0x0000000797afc030,0x0000000797b00000)
  to   space 10752K, 0% used [0x0000000798000000,0x0000000798000000,0x0000000798a80000)
 ParOldGen       total 87552K, used 14833K [0x0000000740000000, 0x0000000745580000, 0x0000000795580000)
  object space 87552K, 16% used [0x0000000740000000,0x0000000740e7c4f8,0x0000000745580000)
 Metaspace       used 16082K, capacity 16650K, committed 16768K, reserved 1064960K
  class space    used 2013K, capacity 2149K, committed 2176K, reserved 1048576K

Card table byte_map: [0x00000001155f4000,0x00000001159f5000] byte_map_base: 0x0000000111bf4000

Marking Bits: (ParMarkBitMap*) 0x0000000105243410
 Begin Bits: [0x00000001160ac000, 0x00000001180ac000)
 End Bits:   [0x00000001180ac000, 0x000000011a0ac000)

Polling page: 0x00000001059ec000

CodeCache: size=245760Kb used=10081Kb max_used=10081Kb free=235678Kb
 bounds [0x0000000106234000, 0x0000000106c24000, 0x0000000115234000]
 total_blobs=3846 nmethods=3226 adapters=534
 compilation: enabled

Compilation events (10 events):
Event: 151.670 Thread 0x00007f882102f000 3765       3       java.lang.invoke.ConstantCallSite::getTarget (20 bytes)
Event: 151.670 Thread 0x00007f882102f000 nmethod 3765 0x00000001067e2c90 code [0x00000001067e2e00, 0x00000001067e3048]
Event: 151.723 Thread 0x00007f882102f000 3767       3       java.lang.invoke.MemberName::checkForTypeAlias (180 bytes)
Event: 151.728 Thread 0x00007f882102f000 nmethod 3767 0x000000010682a750 code [0x000000010682ab40, 0x000000010682d198]
Event: 151.736 Thread 0x00007f882102f000 3768       3       sun.invoke.util.BytecodeDescriptor::unparseMethod (68 bytes)
Event: 151.736 Thread 0x00007f882102f000 nmethod 3768 0x00000001068c6350 code [0x00000001068c65a0, 0x00000001068c7478]
Event: 151.736 Thread 0x00007f882102f000 3769       1       java.lang.invoke.MemberName::getReferenceKind (12 bytes)
Event: 151.737 Thread 0x00007f882102f000 nmethod 3769 0x0000000106844590 code [0x00000001068446e0, 0x00000001068447f0]
Event: 151.737 Thread 0x00007f882102f000 3770       3       java.lang.invoke.MethodHandles::access$000 (4 bytes)
Event: 151.737 Thread 0x00007f882102f000 nmethod 3770 0x00000001068c6010 code [0x00000001068c6160, 0x00000001068c6290]

GC Heap History (10 events):
Event: 2.632 GC heap before
{Heap before GC invocations=1 (full 0):
 PSYoungGen      total 38400K, used 33280K [0x0000000795580000, 0x0000000798000000, 0x00000007c0000000)
  eden space 33280K, 100% used [0x0000000795580000,0x0000000797600000,0x0000000797600000)
  from space 5120K, 0% used [0x0000000797b00000,0x0000000797b00000,0x0000000798000000)
  to   space 5120K, 0% used [0x0000000797600000,0x0000000797600000,0x0000000797b00000)
 ParOldGen       total 87552K, used 0K [0x0000000740000000, 0x0000000745580000, 0x0000000795580000)
  object space 87552K, 0% used [0x0000000740000000,0x0000000740000000,0x0000000745580000)
 Metaspace       used 13688K, capacity 14166K, committed 14336K, reserved 1060864K
  class space    used 1848K, capacity 1975K, committed 2048K, reserved 1048576K
Event: 2.647 GC heap after
Heap after GC invocations=1 (full 0):
 PSYoungGen      total 38400K, used 5104K [0x0000000795580000, 0x0000000798000000, 0x00000007c0000000)
  eden space 33280K, 0% used [0x0000000795580000,0x0000000795580000,0x0000000797600000)
  from space 5120K, 99% used [0x0000000797600000,0x0000000797afc030,0x0000000797b00000)
  to   space 5120K, 0% used [0x0000000797b00000,0x0000000797b00000,0x0000000798000000)
 ParOldGen       total 87552K, used 833K [0x0000000740000000, 0x0000000745580000, 0x0000000795580000)
  object space 87552K, 0% used [0x0000000740000000,0x00000007400d0728,0x0000000745580000)
 Metaspace       used 13688K, capacity 14166K, committed 14336K, reserved 1060864K
  class space    used 1848K, capacity 1975K, committed 2048K, reserved 1048576K
}
Event: 38.808 GC heap before
{Heap before GC invocations=2 (full 0):
 PSYoungGen      total 38400K, used 38384K [0x0000000795580000, 0x0000000798000000, 0x00000007c0000000)
  eden space 33280K, 100% used [0x0000000795580000,0x0000000797600000,0x0000000797600000)
  from space 5120K, 99% used [0x0000000797600000,0x0000000797afc030,0x0000000797b00000)
  to   space 5120K, 0% used [0x0000000797b00000,0x0000000797b00000,0x0000000798000000)
 ParOldGen       total 87552K, used 833K [0x0000000740000000, 0x0000000745580000, 0x0000000795580000)
  object space 87552K, 0% used [0x0000000740000000,0x00000007400d0728,0x0000000745580000)
 Metaspace       used 15587K, capacity 16066K, committed 16256K, reserved 1062912K
  class space    used 2005K, capacity 2109K, committed 2176K, reserved 1048576K
Event: 38.827 GC heap after
Heap after GC invocations=2 (full 0):
 PSYoungGen      total 38400K, used 5106K [0x0000000795580000, 0x0000000798000000, 0x00000007c0000000)
  eden space 33280K, 0% used [0x0000000795580000,0x0000000795580000,0x0000000797600000)
  from space 5120K, 99% used [0x0000000797b00000,0x0000000797ffcaa0,0x0000000798000000)
  to   space 5120K, 0% used [0x0000000797600000,0x0000000797600000,0x0000000797b00000)
 ParOldGen       total 87552K, used 6558K [0x0000000740000000, 0x0000000745580000, 0x0000000795580000)
  object space 87552K, 7% used [0x0000000740000000,0x0000000740667948,0x0000000745580000)
 Metaspace       used 15587K, capacity 16066K, committed 16256K, reserved 1062912K
  class space    used 2005K, capacity 2109K, committed 2176K, reserved 1048576K
}
Event: 85.006 GC heap before
{Heap before GC invocations=3 (full 0):
 PSYoungGen      total 38400K, used 38386K [0x0000000795580000, 0x0000000798000000, 0x00000007c0000000)
  eden space 33280K, 100% used [0x0000000795580000,0x0000000797600000,0x0000000797600000)
  from space 5120K, 99% used [0x0000000797b00000,0x0000000797ffcaa0,0x0000000798000000)
  to   space 5120K, 0% used [0x0000000797600000,0x0000000797600000,0x0000000797b00000)
 ParOldGen       total 87552K, used 6558K [0x0000000740000000, 0x0000000745580000, 0x0000000795580000)
  object space 87552K, 7% used [0x0000000740000000,0x0000000740667948,0x0000000745580000)
 Metaspace       used 15850K, capacity 16328K, committed 16512K, reserved 1062912K
  class space    used 2006K, capacity 2110K, committed 2176K, reserved 1048576K
Event: 85.037 GC heap after
Heap after GC invocations=3 (full 0):
 PSYoungGen      total 38400K, used 5088K [0x0000000795580000, 0x0000000798000000, 0x00000007c0000000)
  eden space 33280K, 0% used [0x0000000795580000,0x0000000795580000,0x0000000797600000)
  from space 5120K, 99% used [0x0000000797600000,0x0000000797af8020,0x0000000797b00000)
  to   space 5120K, 0% used [0x0000000797b00000,0x0000000797b00000,0x0000000798000000)
 ParOldGen       total 87552K, used 9407K [0x0000000740000000, 0x0000000745580000, 0x0000000795580000)
  object space 87552K, 10% used [0x0000000740000000,0x000000074092fd28,0x0000000745580000)
 Metaspace       used 15850K, capacity 16328K, committed 16512K, reserved 1062912K
  class space    used 2006K, capacity 2110K, committed 2176K, reserved 1048576K
}
Event: 107.914 GC heap before
{Heap before GC invocations=4 (full 0):
 PSYoungGen      total 38400K, used 38368K [0x0000000795580000, 0x0000000798000000, 0x00000007c0000000)
  eden space 33280K, 100% used [0x0000000795580000,0x0000000797600000,0x0000000797600000)
  from space 5120K, 99% used [0x0000000797600000,0x0000000797af8020,0x0000000797b00000)
  to   space 5120K, 0% used [0x0000000797b00000,0x0000000797b00000,0x0000000798000000)
 ParOldGen       total 87552K, used 9407K [0x0000000740000000, 0x0000000745580000, 0x0000000795580000)
  object space 87552K, 10% used [0x0000000740000000,0x000000074092fd28,0x0000000745580000)
 Metaspace       used 15954K, capacity 16488K, committed 16768K, reserved 1064960K
  class space    used 2008K, capacity 2142K, committed 2176K, reserved 1048576K
Event: 107.927 GC heap after
Heap after GC invocations=4 (full 0):
 PSYoungGen      total 38400K, used 5088K [0x0000000795580000, 0x0000000798000000, 0x00000007c0000000)
  eden space 33280K, 0% used [0x0000000795580000,0x0000000795580000,0x0000000797600000)
  from space 5120K, 99% used [0x0000000797b00000,0x0000000797ff8060,0x0000000798000000)
  to   space 5120K, 0% used [0x0000000797600000,0x0000000797600000,0x0000000797b00000)
 ParOldGen       total 87552K, used 11502K [0x0000000740000000, 0x0000000745580000, 0x0000000795580000)
  object space 87552K, 13% used [0x0000000740000000,0x0000000740b3b970,0x0000000745580000)
 Metaspace       used 15954K, capacity 16488K, committed 16768K, reserved 1064960K
  class space    used 2008K, capacity 2142K, committed 2176K, reserved 1048576K
}
Event: 140.255 GC heap before
{Heap before GC invocations=5 (full 0):
 PSYoungGen      total 38400K, used 38368K [0x0000000795580000, 0x0000000798000000, 0x00000007c0000000)
  eden space 33280K, 100% used [0x0000000795580000,0x0000000797600000,0x0000000797600000)
  from space 5120K, 99% used [0x0000000797b00000,0x0000000797ff8060,0x0000000798000000)
  to   space 5120K, 0% used [0x0000000797600000,0x0000000797600000,0x0000000797b00000)
 ParOldGen       total 87552K, used 11502K [0x0000000740000000, 0x0000000745580000, 0x0000000795580000)
  object space 87552K, 13% used [0x0000000740000000,0x0000000740b3b970,0x0000000745580000)
 Metaspace       used 16053K, capacity 16620K, committed 16768K, reserved 1064960K
  class space    used 2008K, capacity 2142K, committed 2176K, reserved 1048576K
Event: 140.275 GC heap after
Heap after GC invocations=5 (full 0):
 PSYoungGen      total 37888K, used 5104K [0x0000000795580000, 0x0000000798a80000, 0x00000007c0000000)
  eden space 32768K, 0% used [0x0000000795580000,0x0000000795580000,0x0000000797580000)
  from space 5120K, 99% used [0x0000000797600000,0x0000000797afc030,0x0000000797b00000)
  to   space 10752K, 0% used [0x0000000798000000,0x0000000798000000,0x0000000798a80000)
 ParOldGen       total 87552K, used 14833K [0x0000000740000000, 0x0000000745580000, 0x0000000795580000)
  object space 87552K, 16% used [0x0000000740000000,0x0000000740e7c4f8,0x0000000745580000)
 Metaspace       used 16053K, capacity 16620K, committed 16768K, reserved 1064960K
  class space    used 2008K, capacity 2142K, committed 2176K, reserved 1048576K
}

Deoptimization events (10 events):
Event: 61.317 Thread 0x00007f8821875000 Uncommon trap: reason=class_check action=maybe_recompile pc=0x00000001063d78d0 method=javafx.scene.transform.Rotate.impl_derive(Lcom/sun/javafx/geom/transform/BaseTransform;)Lcom/sun/javafx/geom/transform/BaseTransform; @ 133
Event: 61.684 Thread 0x00007f8821875000 Uncommon trap: reason=class_check action=maybe_recompile pc=0x0000000106968fbc method=javafx.scene.Node.getGeomBounds(Lcom/sun/javafx/geom/BaseBounds;Lcom/sun/javafx/geom/transform/BaseTransform;)Lcom/sun/javafx/geom/BaseBounds; @ 28
Event: 63.367 Thread 0x00007f8821875000 Uncommon trap: reason=class_check action=maybe_recompile pc=0x0000000106968fbc method=javafx.scene.Node.getGeomBounds(Lcom/sun/javafx/geom/BaseBounds;Lcom/sun/javafx/geom/transform/BaseTransform;)Lcom/sun/javafx/geom/BaseBounds; @ 28
Event: 63.866 Thread 0x00007f8821875000 Uncommon trap: reason=class_check action=maybe_recompile pc=0x0000000106968fbc method=javafx.scene.Node.getGeomBounds(Lcom/sun/javafx/geom/BaseBounds;Lcom/sun/javafx/geom/transform/BaseTransform;)Lcom/sun/javafx/geom/BaseBounds; @ 28
Event: 63.950 Thread 0x00007f8821875000 Uncommon trap: reason=class_check action=maybe_recompile pc=0x0000000106968fbc method=javafx.scene.Node.getGeomBounds(Lcom/sun/javafx/geom/BaseBounds;Lcom/sun/javafx/geom/transform/BaseTransform;)Lcom/sun/javafx/geom/BaseBounds; @ 28
Event: 64.034 Thread 0x00007f8821875000 Uncommon trap: reason=class_check action=maybe_recompile pc=0x00000001068ecef0 method=javafx.scene.Node.getGeomBounds(Lcom/sun/javafx/geom/BaseBounds;Lcom/sun/javafx/geom/transform/BaseTransform;)Lcom/sun/javafx/geom/BaseBounds; @ 28
Event: 69.746 Thread 0x00007f8821875000 Uncommon trap: reason=unreached action=reinterpret pc=0x0000000106a0f0e0 method=javafx.scene.Scene$MouseHandler.handleNodeRemoval(Ljavafx/scene/Node;)V @ 4
Event: 142.654 Thread 0x00007f882217c800 Uncommon trap: reason=unreached action=reinterpret pc=0x000000010668d104 method=com.sun.prism.impl.GlyphCache.getCachedGlyph(II)Lcom/sun/prism/impl/GlyphCache$GlyphData; @ 43
Event: 151.697 Thread 0x00007f8821875000 Uncommon trap: reason=predicate action=maybe_recompile pc=0x0000000106a0bbac method=java.util.ArrayList.indexOf(Ljava/lang/Object;)I @ 44
Event: 151.726 Thread 0x00007f8821875000 Uncommon trap: reason=unloaded action=reinterpret pc=0x00000001065e7b04 method=java.util.Collections.unmodifiableList(Ljava/util/List;)Ljava/util/List; @ 18

Internal exceptions (10 events):
Event: 1.754 Thread 0x00007f8821875000 Exception <a 'java/security/PrivilegedActionException'> (0x0000000796fec7d8) thrown at [/Users/java_re/workspace/8-2-build-macosx-x86_64/jdk8u31/2394/hotspot/src/share/vm/prims/jvm.cpp, line 1312]
Event: 1.756 Thread 0x00007f8821875000 Exception <a 'java/security/PrivilegedActionException'> (0x0000000797001c30) thrown at [/Users/java_re/workspace/8-2-build-macosx-x86_64/jdk8u31/2394/hotspot/src/share/vm/prims/jvm.cpp, line 1312]
Event: 1.758 Thread 0x00007f8821875000 Exception <a 'java/security/PrivilegedActionException'> (0x0000000797021670) thrown at [/Users/java_re/workspace/8-2-build-macosx-x86_64/jdk8u31/2394/hotspot/src/share/vm/prims/jvm.cpp, line 1312]
Event: 2.243 Thread 0x00007f8821875000 Implicit null exception at 0x00000001065527d2 to 0x0000000106552e75
Event: 2.243 Thread 0x00007f8821875000 Implicit null exception at 0x0000000106550a37 to 0x00000001065511c1
Event: 2.244 Thread 0x00007f8821875000 Implicit null exception at 0x0000000106518fed to 0x000000010651903d
Event: 2.253 Thread 0x00007f8821875000 Implicit null exception at 0x000000010654def6 to 0x000000010654e345
Event: 2.253 Thread 0x00007f8821875000 Implicit null exception at 0x00000001065e349a to 0x00000001065e49dd
Event: 2.278 Thread 0x00007f8821875000 Implicit null exception at 0x00000001065ccae9 to 0x00000001065cd755
Event: 5.404 Thread 0x00007f88219be000 Exception <a 'java/security/PrivilegedActionException'> (0x0000000795bf1f70) thrown at [/Users/java_re/workspace/8-2-build-macosx-x86_64/jdk8u31/2394/hotspot/src/share/vm/prims/jvm.cpp, line 1312]

Events (10 events):
Event: 151.726 Thread 0x00007f8821875000 DEOPT UNPACKING pc=0x0000000106238f69 sp=0x00007fff5b353250 mode 2
Event: 151.735 loading class com/sun/javafx/tk/quantum/QuantumRenderer
Event: 151.735 loading class com/sun/javafx/tk/quantum/QuantumRenderer done
Event: 151.736 loading class com/sun/javafx/tk/quantum/QuantumToolkit
Event: 151.736 loading class com/sun/javafx/tk/quantum/QuantumToolkit done
Event: 151.736 Thread 0x00007f882217c800 Thread exited: 0x00007f882217c800
Event: 151.736 Thread 0x00007f8821871000 Thread exited: 0x00007f8821871000
Event: 151.736 Thread 0x00007f8821005000 Thread exited: 0x00007f8821005000
Event: 151.736 Thread 0x00007f8821871000 Thread added: 0x00007f8821871000
Event: 151.736 Thread 0x00007f8821875000 Thread exited: 0x00007f8821875000


Dynamic libraries:
0x0000000004c01000 	/System/Library/Frameworks/Cocoa.framework/Versions/A/Cocoa
0x0000000004c01000 	/System/Library/Frameworks/Security.framework/Versions/A/Security
0x0000000004c01000 	/System/Library/Frameworks/ApplicationServices.framework/Versions/A/ApplicationServices
0x0000000004c01000 	/usr/lib/libz.1.dylib
0x0000000004c01000 	/usr/lib/libSystem.B.dylib
0x0000000004c01000 	/usr/lib/libobjc.A.dylib
0x0000000004c01000 	/System/Library/Frameworks/CoreFoundation.framework/Versions/A/CoreFoundation
0x0000000004c01000 	/System/Library/Frameworks/Foundation.framework/Versions/C/Foundation
0x0000000004c01000 	/System/Library/Frameworks/AppKit.framework/Versions/C/AppKit
0x0000000004c01000 	/System/Library/Frameworks/CoreData.framework/Versions/A/CoreData
0x0000000004c01000 	/System/Library/PrivateFrameworks/RemoteViewServices.framework/Versions/A/RemoteViewServices
0x0000000004c01000 	/System/Library/PrivateFrameworks/UIFoundation.framework/Versions/A/UIFoundation
0x0000000004c01000 	/System/Library/Frameworks/IOSurface.framework/Versions/A/IOSurface
0x0000000004c01000 	/System/Library/Frameworks/AudioToolbox.framework/Versions/A/AudioToolbox
0x0000000004c01000 	/System/Library/Frameworks/AudioUnit.framework/Versions/A/AudioUnit
0x0000000004c01000 	/System/Library/PrivateFrameworks/DataDetectorsCore.framework/Versions/A/DataDetectorsCore
0x0000000004c01000 	/System/Library/PrivateFrameworks/DesktopServicesPriv.framework/Versions/A/DesktopServicesPriv
0x0000000004c01000 	/System/Library/Frameworks/Carbon.framework/Versions/A/Frameworks/HIToolbox.framework/Versions/A/HIToolbox
0x0000000004c01000 	/System/Library/Frameworks/QuartzCore.framework/Versions/A/QuartzCore
0x0000000004c01000 	/System/Library/Frameworks/Carbon.framework/Versions/A/Frameworks/SpeechRecognition.framework/Versions/A/SpeechRecognition
0x0000000004c01000 	/usr/lib/libauto.dylib
0x0000000004c01000 	/usr/lib/libicucore.A.dylib
0x0000000004c01000 	/usr/lib/libxml2.2.dylib
0x0000000004c01000 	/System/Library/PrivateFrameworks/CoreUI.framework/Versions/A/CoreUI
0x0000000004c01000 	/System/Library/Frameworks/CoreAudio.framework/Versions/A/CoreAudio
0x0000000004c01000 	/System/Library/Frameworks/DiskArbitration.framework/Versions/A/DiskArbitration
0x0000000004c01000 	/usr/lib/liblangid.dylib
0x0000000004c01000 	/System/Library/PrivateFrameworks/MultitouchSupport.framework/Versions/A/MultitouchSupport
0x0000000004c01000 	/System/Library/Frameworks/IOKit.framework/Versions/A/IOKit
0x0000000004c01000 	/usr/lib/libDiagnosticMessagesClient.dylib
0x0000000004c01000 	/System/Library/Frameworks/CoreServices.framework/Versions/A/CoreServices
0x0000000004c01000 	/System/Library/PrivateFrameworks/PerformanceAnalysis.framework/Versions/A/PerformanceAnalysis
0x0000000004c01000 	/System/Library/PrivateFrameworks/GenerationalStorage.framework/Versions/A/GenerationalStorage
0x0000000004c01000 	/System/Library/Frameworks/OpenGL.framework/Versions/A/OpenGL
0x0000000004c01000 	/System/Library/PrivateFrameworks/Sharing.framework/Versions/A/Sharing
0x0000000004c01000 	/System/Library/Frameworks/CoreGraphics.framework/Versions/A/CoreGraphics
0x0000000004c01000 	/System/Library/Frameworks/CoreText.framework/Versions/A/CoreText
0x0000000004c01000 	/System/Library/Frameworks/ImageIO.framework/Versions/A/ImageIO
0x0000000004c01000 	/usr/lib/libextension.dylib
0x0000000004c01000 	/System/Library/PrivateFrameworks/Backup.framework/Versions/A/Backup
0x0000000004c01000 	/usr/lib/libarchive.2.dylib
0x0000000004c01000 	/System/Library/Frameworks/CFNetwork.framework/Versions/A/CFNetwork
0x0000000004c01000 	/System/Library/Frameworks/SystemConfiguration.framework/Versions/A/SystemConfiguration
0x0000000004c01000 	/usr/lib/libCRFSuite.dylib
0x0000000004c01000 	/usr/lib/libc++.1.dylib
0x0000000004c01000 	/usr/lib/libc++abi.dylib
0x0000000004c01000 	/usr/lib/system/libcache.dylib
0x0000000004c01000 	/usr/lib/system/libcommonCrypto.dylib
0x0000000004c01000 	/usr/lib/system/libcompiler_rt.dylib
0x0000000004c01000 	/usr/lib/system/libcopyfile.dylib
0x0000000004c01000 	/usr/lib/system/libcorecrypto.dylib
0x0000000004c01000 	/usr/lib/system/libdispatch.dylib
0x0000000004c01000 	/usr/lib/system/libdyld.dylib
0x0000000004c01000 	/usr/lib/system/libkeymgr.dylib
0x0000000004c01000 	/usr/lib/system/liblaunch.dylib
0x0000000004c01000 	/usr/lib/system/libmacho.dylib
0x0000000004c01000 	/usr/lib/system/libquarantine.dylib
0x0000000004c01000 	/usr/lib/system/libremovefile.dylib
0x0000000004c01000 	/usr/lib/system/libsystem_asl.dylib
0x0000000004c01000 	/usr/lib/system/libsystem_blocks.dylib
0x0000000004c01000 	/usr/lib/system/libsystem_c.dylib
0x0000000004c01000 	/usr/lib/system/libsystem_configuration.dylib
0x0000000004c01000 	/usr/lib/system/libsystem_coreservices.dylib
0x0000000004c01000 	/usr/lib/system/libsystem_coretls.dylib
0x0000000004c01000 	/usr/lib/system/libsystem_dnssd.dylib
0x0000000004c01000 	/usr/lib/system/libsystem_info.dylib
0x0000000004c01000 	/usr/lib/system/libsystem_kernel.dylib
0x0000000004c01000 	/usr/lib/system/libsystem_m.dylib
0x0000000004c01000 	/usr/lib/system/libsystem_malloc.dylib
0x0000000004c01000 	/usr/lib/system/libsystem_network.dylib
0x0000000004c01000 	/usr/lib/system/libsystem_networkextension.dylib
0x0000000004c01000 	/usr/lib/system/libsystem_notify.dylib
0x0000000004c01000 	/usr/lib/system/libsystem_platform.dylib
0x0000000004c01000 	/usr/lib/system/libsystem_pthread.dylib
0x0000000004c01000 	/usr/lib/system/libsystem_sandbox.dylib
0x0000000004c01000 	/usr/lib/system/libsystem_secinit.dylib
0x0000000004c01000 	/usr/lib/system/libsystem_stats.dylib
0x0000000004c01000 	/usr/lib/system/libsystem_trace.dylib
0x0000000004c01000 	/usr/lib/system/libunc.dylib
0x0000000004c01000 	/usr/lib/system/libunwind.dylib
0x0000000004c01000 	/usr/lib/system/libxpc.dylib
0x0000000004c01000 	/usr/lib/libbz2.1.0.dylib
0x0000000004c01000 	/usr/lib/liblzma.5.dylib
0x0000000004c01000 	/usr/lib/libbsm.0.dylib
0x0000000004c01000 	/usr/lib/libsqlite3.dylib
0x0000000004c01000 	/usr/lib/system/libkxld.dylib
0x0000000004c01000 	/usr/lib/libxar.1.dylib
0x0000000004c01000 	/usr/lib/libpam.2.dylib
0x0000000004c01000 	/usr/lib/libOpenScriptingUtil.dylib
0x0000000004c01000 	/System/Library/Frameworks/CoreServices.framework/Versions/A/Frameworks/FSEvents.framework/Versions/A/FSEvents
0x0000000004c01000 	/System/Library/Frameworks/CoreServices.framework/Versions/A/Frameworks/CarbonCore.framework/Versions/A/CarbonCore
0x0000000004c01000 	/System/Library/Frameworks/CoreServices.framework/Versions/A/Frameworks/Metadata.framework/Versions/A/Metadata
0x0000000004c01000 	/System/Library/Frameworks/CoreServices.framework/Versions/A/Frameworks/OSServices.framework/Versions/A/OSServices
0x0000000004c01000 	/System/Library/Frameworks/CoreServices.framework/Versions/A/Frameworks/SearchKit.framework/Versions/A/SearchKit
0x0000000004c01000 	/System/Library/Frameworks/CoreServices.framework/Versions/A/Frameworks/AE.framework/Versions/A/AE
0x0000000004c01000 	/System/Library/Frameworks/CoreServices.framework/Versions/A/Frameworks/LaunchServices.framework/Versions/A/LaunchServices
0x0000000004c01000 	/System/Library/Frameworks/CoreServices.framework/Versions/A/Frameworks/DictionaryServices.framework/Versions/A/DictionaryServices
0x0000000004c01000 	/System/Library/Frameworks/NetFS.framework/Versions/A/NetFS
0x0000000004c01000 	/System/Library/PrivateFrameworks/NetAuth.framework/Versions/A/NetAuth
0x0000000004c01000 	/System/Library/PrivateFrameworks/login.framework/Versions/A/Frameworks/loginsupport.framework/Versions/A/loginsupport
0x0000000004c01000 	/System/Library/PrivateFrameworks/TCC.framework/Versions/A/TCC
0x0000000004c01000 	/usr/lib/libmecabra.dylib
0x0000000004c01000 	/System/Library/PrivateFrameworks/LanguageModeling.framework/Versions/A/LanguageModeling
0x0000000004c01000 	/usr/lib/libcmph.dylib
0x0000000004c01000 	/usr/lib/libiconv.2.dylib
0x0000000004c01000 	/System/Library/Frameworks/OpenDirectory.framework/Versions/A/Frameworks/CFOpenDirectory.framework/Versions/A/CFOpenDirectory
0x0000000004c01000 	/System/Library/Frameworks/ServiceManagement.framework/Versions/A/ServiceManagement
0x0000000004c01000 	/usr/lib/libxslt.1.dylib
0x0000000004c01000 	/System/Library/Frameworks/Carbon.framework/Versions/A/Frameworks/Ink.framework/Versions/A/Ink
0x0000000004c01000 	/System/Library/Frameworks/ApplicationServices.framework/Versions/A/Frameworks/ATS.framework/Versions/A/ATS
0x0000000004c01000 	/System/Library/Frameworks/ApplicationServices.framework/Versions/A/Frameworks/ColorSync.framework/Versions/A/ColorSync
0x0000000004c01000 	/System/Library/Frameworks/ApplicationServices.framework/Versions/A/Frameworks/HIServices.framework/Versions/A/HIServices
0x0000000004c01000 	/System/Library/Frameworks/ApplicationServices.framework/Versions/A/Frameworks/LangAnalysis.framework/Versions/A/LangAnalysis
0x0000000004c01000 	/System/Library/Frameworks/ApplicationServices.framework/Versions/A/Frameworks/PrintCore.framework/Versions/A/PrintCore
0x0000000004c01000 	/System/Library/Frameworks/ApplicationServices.framework/Versions/A/Frameworks/QD.framework/Versions/A/QD
0x0000000004c01000 	/System/Library/Frameworks/ApplicationServices.framework/Versions/A/Frameworks/SpeechSynthesis.framework/Versions/A/SpeechSynthesis
0x0000000004c01000 	/System/Library/Frameworks/Accelerate.framework/Versions/A/Accelerate
0x0000000004c01000 	/System/Library/Frameworks/Accelerate.framework/Versions/A/Frameworks/vImage.framework/Versions/A/vImage
0x0000000004c01000 	/System/Library/Frameworks/Accelerate.framework/Versions/A/Frameworks/vecLib.framework/Versions/A/vecLib
0x0000000004c01000 	/System/Library/Frameworks/Accelerate.framework/Versions/A/Frameworks/vecLib.framework/Versions/A/libvDSP.dylib
0x0000000004c01000 	/System/Library/Frameworks/Accelerate.framework/Versions/A/Frameworks/vecLib.framework/Versions/A/libvMisc.dylib
0x0000000004c01000 	/System/Library/Frameworks/Accelerate.framework/Versions/A/Frameworks/vecLib.framework/Versions/A/libLAPACK.dylib
0x0000000004c01000 	/System/Library/Frameworks/Accelerate.framework/Versions/A/Frameworks/vecLib.framework/Versions/A/libBLAS.dylib
0x0000000004c01000 	/System/Library/Frameworks/Accelerate.framework/Versions/A/Frameworks/vecLib.framework/Versions/A/libLinearAlgebra.dylib
0x0000000004c01000 	/System/Library/Frameworks/ApplicationServices.framework/Versions/A/Frameworks/ATS.framework/Versions/A/Resources/libFontParser.dylib
0x0000000004c01000 	/System/Library/Frameworks/ApplicationServices.framework/Versions/A/Frameworks/ATS.framework/Versions/A/Resources/libFontRegistry.dylib
0x0000000004c01000 	/System/Library/PrivateFrameworks/AppleVPA.framework/Versions/A/AppleVPA
0x0000000004c01000 	/System/Library/PrivateFrameworks/AppleJPEG.framework/Versions/A/AppleJPEG
0x0000000004c01000 	/System/Library/Frameworks/ImageIO.framework/Versions/A/Resources/libJPEG.dylib
0x0000000004c01000 	/System/Library/Frameworks/ImageIO.framework/Versions/A/Resources/libTIFF.dylib
0x0000000004c01000 	/System/Library/Frameworks/ImageIO.framework/Versions/A/Resources/libPng.dylib
0x0000000004c01000 	/System/Library/Frameworks/ImageIO.framework/Versions/A/Resources/libGIF.dylib
0x0000000004c01000 	/System/Library/Frameworks/ImageIO.framework/Versions/A/Resources/libJP2.dylib
0x0000000004c01000 	/System/Library/Frameworks/ImageIO.framework/Versions/A/Resources/libRadiance.dylib
0x0000000004c01000 	/System/Library/Frameworks/CoreVideo.framework/Versions/A/CoreVideo
0x0000000004c01000 	/System/Library/Frameworks/OpenGL.framework/Versions/A/Libraries/libGLU.dylib
0x0000000004c01000 	/System/Library/Frameworks/OpenGL.framework/Versions/A/Libraries/libGFXShared.dylib
0x0000000004c01000 	/System/Library/Frameworks/OpenGL.framework/Versions/A/Libraries/libGL.dylib
0x0000000004c01000 	/System/Library/Frameworks/OpenGL.framework/Versions/A/Libraries/libGLImage.dylib
0x0000000004c01000 	/System/Library/Frameworks/OpenGL.framework/Versions/A/Libraries/libCVMSPluginSupport.dylib
0x0000000004c01000 	/System/Library/Frameworks/OpenGL.framework/Versions/A/Libraries/libCoreVMClient.dylib
0x0000000004c01000 	/usr/lib/libcups.2.dylib
0x0000000004c01000 	/System/Library/Frameworks/Kerberos.framework/Versions/A/Kerberos
0x0000000004c01000 	/System/Library/Frameworks/GSS.framework/Versions/A/GSS
0x0000000004c01000 	/usr/lib/libresolv.9.dylib
0x0000000004c01000 	/System/Library/PrivateFrameworks/Heimdal.framework/Versions/A/Heimdal
0x0000000004c01000 	/usr/lib/libheimdal-asn1.dylib
0x0000000004c01000 	/System/Library/Frameworks/OpenDirectory.framework/Versions/A/OpenDirectory
0x0000000004c01000 	/System/Library/PrivateFrameworks/CommonAuth.framework/Versions/A/CommonAuth
0x0000000004c01000 	/System/Library/Frameworks/SecurityFoundation.framework/Versions/A/SecurityFoundation
0x0000000004c01000 	/System/Library/Frameworks/QuartzCore.framework/Versions/A/Frameworks/CoreImage.framework/Versions/A/CoreImage
0x0000000004c01000 	/System/Library/PrivateFrameworks/CrashReporterSupport.framework/Versions/A/CrashReporterSupport
0x0000000004c01000 	/System/Library/Frameworks/OpenCL.framework/Versions/A/OpenCL
0x0000000004c01000 	/System/Library/PrivateFrameworks/FaceCore.framework/Versions/A/FaceCore
0x0000000004c01000 	/System/Library/PrivateFrameworks/Ubiquity.framework/Versions/A/Ubiquity
0x0000000004c01000 	/System/Library/PrivateFrameworks/IconServices.framework/Versions/A/IconServices
0x0000000004c01000 	/System/Library/PrivateFrameworks/ChunkingLibrary.framework/Versions/A/ChunkingLibrary
0x0000000004c01000 	/System/Library/PrivateFrameworks/Apple80211.framework/Versions/A/Apple80211
0x0000000004c01000 	/System/Library/Frameworks/CoreWLAN.framework/Versions/A/CoreWLAN
0x0000000004c01000 	/System/Library/Frameworks/IOBluetooth.framework/Versions/A/IOBluetooth
0x0000000004c01000 	/System/Library/PrivateFrameworks/CoreWiFi.framework/Versions/A/CoreWiFi
0x0000000004c01000 	/System/Library/Frameworks/CoreBluetooth.framework/Versions/A/CoreBluetooth
0x0000000004c01000 	/System/Library/PrivateFrameworks/DebugSymbols.framework/Versions/A/DebugSymbols
0x0000000004c01000 	/System/Library/PrivateFrameworks/CoreSymbolication.framework/Versions/A/CoreSymbolication
0x0000000004c01000 	/System/Library/PrivateFrameworks/Symbolication.framework/Versions/A/Symbolication
0x0000000004c01000 	/System/Library/PrivateFrameworks/SpeechRecognitionCore.framework/Versions/A/SpeechRecognitionCore
0x00000001049a5000 	/Library/Java/JavaVirtualMachines/jdk1.8.0_31.jdk/Contents/Home/jre/lib/server/libjvm.dylib
0x0000000004c01000 	/usr/lib/libstdc++.6.dylib
0x00000001059de000 	/Library/Java/JavaVirtualMachines/jdk1.8.0_31.jdk/Contents/Home/jre/lib/libverify.dylib
0x0000000106200000 	/Library/Java/JavaVirtualMachines/jdk1.8.0_31.jdk/Contents/Home/jre/lib/libjava.dylib
0x00000001059f6000 	/Library/Java/JavaVirtualMachines/jdk1.8.0_31.jdk/Contents/Home/jre/lib/libzip.dylib
0x000000011c2a9000 	/System/Library/Frameworks/JavaVM.framework/Frameworks/JavaRuntimeSupport.framework/JavaRuntimeSupport
0x000000011c2bf000 	/System/Library/Frameworks/JavaVM.framework/Versions/A/Frameworks/JavaNativeFoundation.framework/Versions/A/JavaNativeFoundation
0x000000011c2d3000 	/System/Library/Frameworks/JavaVM.framework/Versions/A/JavaVM
0x0000000004c01000 	/System/Library/Frameworks/Carbon.framework/Versions/A/Carbon
0x000000011c2df000 	/System/Library/PrivateFrameworks/JavaLaunching.framework/Versions/A/JavaLaunching
0x0000000004c01000 	/System/Library/Frameworks/Carbon.framework/Versions/A/Frameworks/CommonPanels.framework/Versions/A/CommonPanels
0x0000000004c01000 	/System/Library/Frameworks/Carbon.framework/Versions/A/Frameworks/Help.framework/Versions/A/Help
0x0000000004c01000 	/System/Library/Frameworks/Carbon.framework/Versions/A/Frameworks/ImageCapture.framework/Versions/A/ImageCapture
0x0000000004c01000 	/System/Library/Frameworks/Carbon.framework/Versions/A/Frameworks/OpenScripting.framework/Versions/A/OpenScripting
0x0000000004c01000 	/System/Library/Frameworks/Carbon.framework/Versions/A/Frameworks/Print.framework/Versions/A/Print
0x0000000004c01000 	/System/Library/Frameworks/Carbon.framework/Versions/A/Frameworks/SecurityHI.framework/Versions/A/SecurityHI
0x000000011e216000 	/Applications/IntelliJ IDEA 14.app/Contents/bin/libbreakgen64.jnilib
0x000000011e31c000 	/Library/Java/JavaVirtualMachines/jdk1.8.0_31.jdk/Contents/Home/jre/lib/libnet.dylib
0x000000011e60d000 	/Library/Java/JavaVirtualMachines/jdk1.8.0_31.jdk/Contents/Home/jre/lib/libprism_es2.dylib
0x0000000004c01000 	/System/Library/Frameworks/OpenGL.framework/Versions/A/Resources/GLEngine.bundle/GLEngine
0x0000000004c01000 	/System/Library/Frameworks/OpenGL.framework/Versions/A/Libraries/libGLProgrammability.dylib
0x0000000000000000 	/System/Library/Extensions/AppleIntelHD5000GraphicsGLDriver.bundle/Contents/MacOS/AppleIntelHD5000GraphicsGLDriver
0x0000000004c01000 	/System/Library/PrivateFrameworks/IOAccelerator.framework/Versions/A/IOAccelerator
0x0000000004c01000 	/System/Library/PrivateFrameworks/GPUSupport.framework/Versions/A/Libraries/libGPUSupportMercury.dylib
0x0000000004c01000 	/System/Library/Frameworks/OpenGL.framework/Versions/A/Resources/GLRendererFloat.bundle/GLRendererFloat
0x0000000004c01000 	/System/Library/Frameworks/OpenCL.framework/Versions/A/Libraries/libcldcpuengine.dylib
0x0000000004c01000 	/System/Library/PrivateFrameworks/DiskImages.framework/Versions/A/DiskImages
0x0000000004c01000 	/System/Library/Frameworks/DiscRecording.framework/Versions/A/DiscRecording
0x0000000004c01000 	/usr/lib/libcsfde.dylib
0x0000000004c01000 	/usr/lib/libcurl.4.dylib
0x0000000004c01000 	/System/Library/PrivateFrameworks/MediaKit.framework/Versions/A/MediaKit
0x0000000004c01000 	/System/Library/PrivateFrameworks/ProtectedCloudStorage.framework/Versions/A/ProtectedCloudStorage
0x0000000004c01000 	/usr/lib/libCoreStorage.dylib
0x0000000004c01000 	/System/Library/PrivateFrameworks/EFILogin.framework/Versions/A/EFILogin
0x0000000004c01000 	/usr/lib/libutil.dylib
0x0000000004c01000 	/System/Library/PrivateFrameworks/FindMyDevice.framework/Versions/A/FindMyDevice
0x0000000004c01000 	/System/Library/Frameworks/LDAP.framework/Versions/A/LDAP
0x0000000004c01000 	/usr/lib/libsasl2.2.dylib
0x0000000004c01000 	/System/Library/PrivateFrameworks/CoreDaemon.framework/Versions/B/CoreDaemon
0x0000000004c01000 	/usr/lib/libcrypto.0.9.8.dylib
0x0000000004c01000 	/System/Library/PrivateFrameworks/AppleSRP.framework/Versions/A/AppleSRP
0x0000000004c01000 	/System/Library/PrivateFrameworks/TrustEvaluationAgent.framework/Versions/A/TrustEvaluationAgent
0x000000011eaba000 	/Library/Java/JavaVirtualMachines/jdk1.8.0_31.jdk/Contents/Home/jre/lib/libglass.dylib
0x0000000004c01000 	/System/Library/PrivateFrameworks/CoreServicesInternal.framework/Versions/A/CoreServicesInternal
0x0000000004c01000 	/System/Library/PrivateFrameworks/CloudDocs.framework/Versions/A/CloudDocs
0x0000000004c01000 	/System/Library/PrivateFrameworks/CoreDuet.framework/Versions/A/CoreDuet
0x0000000004c01000 	/System/Library/Frameworks/CloudKit.framework/Versions/A/CloudKit
0x0000000004c01000 	/System/Library/PrivateFrameworks/ProtocolBuffer.framework/Versions/A/ProtocolBuffer
0x0000000004c01000 	/System/Library/PrivateFrameworks/CoreDuetDaemonProtocol.framework/Versions/A/CoreDuetDaemonProtocol
0x0000000004c01000 	/System/Library/PrivateFrameworks/CoreDuetDebugLogging.framework/Versions/A/CoreDuetDebugLogging
0x0000000004c01000 	/System/Library/Frameworks/CoreLocation.framework/Versions/A/CoreLocation
0x0000000004c01000 	/System/Library/Frameworks/Accounts.framework/Versions/A/Accounts
0x0000000004c01000 	/System/Library/PrivateFrameworks/ApplePushService.framework/Versions/A/ApplePushService
0x0000000004c01000 	/System/Library/PrivateFrameworks/GeoServices.framework/Versions/A/GeoServices
0x0000000004c01000 	/System/Library/PrivateFrameworks/OAuth.framework/Versions/A/OAuth
0x0000000004c01000 	/System/Library/Frameworks/CoreGraphics.framework/Versions/A/Resources/libCGCMS.A.dylib
0x0000000004c01000 	/System/Library/CoreServices/RawCamera.bundle/Contents/MacOS/RawCamera
0x0000000004c01000 	/System/Library/Frameworks/CoreGraphics.framework/Versions/A/Resources/libRIP.A.dylib
0x0000000004c01000 	/System/Library/PrivateFrameworks/FamilyControls.framework/Versions/A/FamilyControls
0x0000000004c01000 	/System/Library/PrivateFrameworks/CommerceKit.framework/Versions/A/Frameworks/CommerceCore.framework/Versions/A/CommerceCore
0x0000000004c01000 	/System/Library/PrivateFrameworks/SystemAdministration.framework/Versions/A/SystemAdministration
0x0000000004c01000 	/System/Library/PrivateFrameworks/AppContainer.framework/Versions/A/AppContainer
0x0000000004c01000 	/System/Library/PrivateFrameworks/SecCodeWrapper.framework/Versions/A/SecCodeWrapper
0x0000000004c01000 	/System/Library/Frameworks/DirectoryService.framework/Versions/A/DirectoryService
0x0000000004c01000 	/System/Library/PrivateFrameworks/LoginUIKit.framework/Versions/A/Frameworks/LoginUICore.framework/Versions/A/LoginUICore
0x0000000004c01000 	/usr/lib/libodfde.dylib
0x00000001223df000 	/Library/Java/JavaVirtualMachines/jdk1.8.0_31.jdk/Contents/Home/jre/lib/libjavafx_font.dylib
0x0000000004c01000 	/System/Library/Frameworks/CoreGraphics.framework/Versions/A/Resources/libCGXType.A.dylib
0x000000012277a000 	/Library/Java/JavaVirtualMachines/jdk1.8.0_31.jdk/Contents/Home/jre/lib/libprism_common.dylib
0x00000001227b4000 	cl_kernels
0x0000000123d15000 	/System/Library/Frameworks/OpenCL.framework/Versions/A/Libraries/ImageFormats/unorm8_bgra.dylib
0x00000001227b0000 	cl_kernels

VM Arguments:
jvm_args: -Didea.launcher.port=7534 -Didea.launcher.bin.path=/Applications/IntelliJ IDEA 14.app/Contents/bin -Dfile.encoding=UTF-8 
java_command: com.intellij.rt.execution.application.AppMain sample.Main
java_class_path (initial): /Library/Java/JavaVirtualMachines/jdk1.8.0_31.jdk/Contents/Home/lib/ant-javafx.jar:/Library/Java/JavaVirtualMachines/jdk1.8.0_31.jdk/Contents/Home/lib/dt.jar:/Library/Java/JavaVirtualMachines/jdk1.8.0_31.jdk/Contents/Home/lib/javafx-mx.jar:/Library/Java/JavaVirtualMachines/jdk1.8.0_31.jdk/Contents/Home/lib/jconsole.jar:/Library/Java/JavaVirtualMachines/jdk1.8.0_31.jdk/Contents/Home/lib/sa-jdi.jar:/Library/Java/JavaVirtualMachines/jdk1.8.0_31.jdk/Contents/Home/lib/tools.jar:/Library/Java/JavaVirtualMachines/jdk1.8.0_31.jdk/Contents/Home/jre/lib/charsets.jar:/Library/Java/JavaVirtualMachines/jdk1.8.0_31.jdk/Contents/Home/jre/lib/deploy.jar:/Library/Java/JavaVirtualMachines/jdk1.8.0_31.jdk/Contents/Home/jre/lib/javaws.jar:/Library/Java/JavaVirtualMachines/jdk1.8.0_31.jdk/Contents/Home/jre/lib/jce.jar:/Library/Java/JavaVirtualMachines/jdk1.8.0_31.jdk/Contents/Home/jre/lib/jfr.jar:/Library/Java/JavaVirtualMachines/jdk1.8.0_31.jdk/Contents/Home/jre/lib/jfxswt.jar:/Library/Java/JavaVirtualMachines/jdk1.8.0_31.jdk/Contents/Home/jre/lib/jsse.jar:/Library/Java/JavaVirtualMachines/jdk1.8.0_31.jdk/Contents/Home/jre/lib/management-agent.jar:/Library/Java/JavaVirtualMachines/jdk1.8.0_31.jdk/Contents/Home/jre/lib/plugin.jar:/Library/Java/JavaVirtualMachines/jdk1.8.0_31.jdk/Contents/Home/jre/lib/resources.jar:/Library/Java/JavaVirtualMachines/jdk1.8.0_31.jdk/Contents/Home/jre/lib/rt.jar:/Library/Java/JavaVirtualMachines/jdk1.8.0_31.jdk/Contents/Home/jre/lib/ext/cldrdata.jar:/Library/Java/JavaVirtualMachines/jdk1.8.0_31.jdk/Contents/Home/jre/lib/ext/dnsns.jar:/Library/Java/JavaVirtualMachines/jdk1.8.0_31.jdk/Contents/Home/jre/lib/ext/jfxrt.jar:/Library/Java/JavaVirtualMachines/jdk1.8.0_31.jdk/Contents/Home/jre/lib/ext/localedata.jar:/Library/Java/JavaVirtualMachines/jdk1.8.0_31.jdk/Contents/Home/jre/lib/ext/nashorn.jar:/Library/Java/JavaVirtualMachines/jdk1.8.0_31.jdk/Contents/Home/jre/lib/ext/sunec.jar:/Library/Java/JavaVirtualMachines/jdk1.8.0_31.jdk/C
Launcher Type: SUN_STANDARD

Environment Variables:
PATH=/usr/local/bin:/usr/bin:/bin:/usr/sbin:/sbin:/usr/local/git/bin
SHELL=/bin/bash

Signal Handlers:
SIGSEGV: [libjvm.dylib+0x57a0e7], sa_mask[0]=11111111011111110111111111111111, sa_flags=SA_ONSTACK|SA_RESTART|SA_SIGINFO
SIGBUS: [libjvm.dylib+0x57a0e7], sa_mask[0]=11111111011111110111111111111111, sa_flags=SA_RESTART|SA_SIGINFO
SIGFPE: [libjvm.dylib+0x45af24], sa_mask[0]=11111111011111110111111111111111, sa_flags=SA_RESTART|SA_SIGINFO
SIGPIPE: [libjvm.dylib+0x45af24], sa_mask[0]=11111111011111110111111111111111, sa_flags=SA_RESTART|SA_SIGINFO
SIGXFSZ: [libjvm.dylib+0x45af24], sa_mask[0]=11111111011111110111111111111111, sa_flags=SA_RESTART|SA_SIGINFO
SIGILL: [libjvm.dylib+0x45af24], sa_mask[0]=11111111011111110111111111111111, sa_flags=SA_RESTART|SA_SIGINFO
SIGUSR1: SIG_DFL, sa_mask[0]=00000000000000000000000000000000, sa_flags=none
SIGUSR2: [libjvm.dylib+0x45aa42], sa_mask[0]=00100000000000000000000000000000, sa_flags=SA_RESTART|SA_SIGINFO
SIGHUP: [libjvm.dylib+0x459015], sa_mask[0]=11111111011111110111111111111111, sa_flags=SA_RESTART|SA_SIGINFO
SIGINT: [libjvm.dylib+0x459015], sa_mask[0]=11111111011111110111111111111111, sa_flags=SA_RESTART|SA_SIGINFO
SIGTERM: [libjvm.dylib+0x459015], sa_mask[0]=11111111011111110111111111111111, sa_flags=SA_RESTART|SA_SIGINFO
SIGQUIT: [libjvm.dylib+0x459015], sa_mask[0]=11111111011111110111111111111111, sa_flags=SA_RESTART|SA_SIGINFO


---------------  S Y S T E M  ---------------

OS:Bsduname:Darwin 14.0.0 Darwin Kernel Version 14.0.0: Fri Sep 19 00:26:44 PDT 2014; root:xnu-2782.1.97~2/RELEASE_X86_64 x86_64
rlimit: STACK 8192k, CORE 0k, NPROC 709, NOFILE 10240, AS infinity
load average:4.37 3.86 3.45

CPU:total 4 (2 cores per cpu, 2 threads per core) family 6 model 69 stepping 1, cmov, cx8, fxsr, mmx, sse, sse2, sse3, ssse3, sse4.1, sse4.2, popcnt, avx, avx2, aes, clmul, erms, lzcnt, ht, tsc, tscinvbit, bmi1, bmi2

Memory: 4k page, physical 8388608k(102020k free)

/proc/meminfo:


vm_info: Java HotSpot(TM) 64-Bit Server VM (25.31-b07) for bsd-amd64 JRE (1.8.0_31-b13), built on Dec 17 2014 20:45:36 by "java_re" with gcc 4.2.1 (Based on Apple Inc. build 5658) (LLVM build 2336.11.00)

time: Mon Jun  1 19:44:18 2015
elapsed time: 191 seconds (0d 0h 3m 11s)

